20110929 poi 3.8 beta4, zk-poi merge results

Merging revisions 1-HEAD of https://zkpoi.googlecode.com/svn/trunk into C:\home\henri\prj\zk-poi, respecting ancestry
C:\home\henri\prj\zk-poi
C:\home\henri\prj\zk-poi\legal\LICENSE
C:\home\henri\prj\zk-poi\maven\poi.pom
C:\home\henri\prj\zk-poi\test-data\poifs\protected_agile.docx
C:\home\henri\prj\zk-poi\test-data\openxml4j\51444.xlsx
C:\home\henri\prj\zk-poi\test-data\slideshow\WithMaster.ppt
C:\home\henri\prj\zk-poi\test-data\slideshow\49648.ppt
C:\home\henri\prj\zk-poi\test-data\slideshow\WithMaster.pptx
C:\home\henri\prj\zk-poi\test-data\slideshow\with_japanese.pptx
C:\home\henri\prj\zk-poi\test-data\slideshow\shapes.pptx
C:\home\henri\prj\zk-poi\test-data\slideshow\51187.pptx
C:\home\henri\prj\zk-poi\test-data\spreadsheet\51832.xls
C:\home\henri\prj\zk-poi\test-data\spreadsheet\51670.xls
C:\home\henri\prj\zk-poi\test-data\spreadsheet\WithConditionalFormatting.xls
C:\home\henri\prj\zk-poi\test-data\spreadsheet\51461.xls
C:\home\henri\prj\zk-poi\test-data\spreadsheet\WithConditionalFormatting.xlsx
C:\home\henri\prj\zk-poi\test-data\spreadsheet\48968.xls
C:\home\henri\prj\zk-poi\test-data\spreadsheet\51535.xls
C:\home\henri\prj\zk-poi\test-data\spreadsheet\SubtotalsNested.xls
C:\home\henri\prj\zk-poi\test-data\spreadsheet\50846-border_colours.xlsx
C:\home\henri\prj\zk-poi\test-data\spreadsheet\50939.xls
C:\home\henri\prj\zk-poi\test-data\spreadsheet\51222.xlsx
C:\home\henri\prj\zk-poi\test-data\spreadsheet\51470.xlsx
C:\home\henri\prj\zk-poi\test-data\spreadsheet\51850.xlsx
C:\home\henri\prj\zk-poi\test-data\spreadsheet\49219.xls
C:\home\henri\prj\zk-poi\test-data\spreadsheet\51143.xls
C:\home\henri\prj\zk-poi\test-data\spreadsheet\WithEmbeddedObjects.xls
C:\home\henri\prj\zk-poi\test-data\publisher\Sample2_2010.pub
C:\home\henri\prj\zk-poi\test-data\publisher\Sample3_2010.pub
C:\home\henri\prj\zk-poi\test-data\publisher\Sample4_2010.pub
C:\home\henri\prj\zk-poi\test-data\publisher\51318.pub
C:\home\henri\prj\zk-poi\test-data\publisher\Sample_2010.pub
C:\home\henri\prj\zk-poi\test-data\hsmf\chinese-traditional.msg
C:\home\henri\prj\zk-poi\test-data\document\Bug33519.doc
C:\home\henri\prj\zk-poi\test-data\document\nature1.jpg
C:\home\henri\prj\zk-poi\test-data\document\Bug41898.doc
C:\home\henri\prj\zk-poi\test-data\document\nature3.jpg
C:\home\henri\prj\zk-poi\test-data\document\table-merges.doc
C:\home\henri\prj\zk-poi\test-data\document\headerPic.docx
C:\home\henri\prj\zk-poi\test-data\document\Bug50936.doc
C:\home\henri\prj\zk-poi\test-data\document\pictures_escher.doc
C:\home\henri\prj\zk-poi\test-data\document\Bug47286.doc
C:\home\henri\prj\zk-poi\test-data\document\Bug47731.doc
C:\home\henri\prj\zk-poi\test-data\document\drawing.docx
C:\home\henri\prj\zk-poi\test-data\document\equation.doc
C:\home\henri\prj\zk-poi\test-data\document\lists-margins.doc
C:\home\henri\prj\zk-poi\test-data\document\nature1.png
C:\home\henri\prj\zk-poi\test-data\document\abstract1.jpg
C:\home\henri\prj\zk-poi\test-data\document\abstract3.jpg
C:\home\henri\prj\zk-poi\test-data\document\issue_51265_1.docx
C:\home\henri\prj\zk-poi\test-data\document\Bug44431.doc
C:\home\henri\prj\zk-poi\test-data\document\nature1.gif
C:\home\henri\prj\zk-poi\test-data\document\EmbeddedDocument.docx
C:\home\henri\prj\zk-poi\test-data\document\innertable.doc
C:\home\henri\prj\zk-poi\test-data\document\Bug48075.doc
C:\home\henri\prj\zk-poi\test-data\document\Bug47742.doc
C:\home\henri\prj\zk-poi\test-data\document\documentProperties.doc
C:\home\henri\prj\zk-poi\test-data\document\page-break-before.doc
C:\home\henri\prj\zk-poi\test-data\document\pageref.doc
C:\home\henri\prj\zk-poi\test-data\document\Bug46220.doc
C:\home\henri\prj\zk-poi\test-data\document\Bug49933.doc
C:\home\henri\prj\zk-poi\test-data\document\nature2.jpg
C:\home\henri\prj\zk-poi\test-data\document\nature4.jpg
C:\home\henri\prj\zk-poi\test-data\document\Bug47958.doc
C:\home\henri\prj\zk-poi\test-data\document\issue_51265_3.docx
C:\home\henri\prj\zk-poi\test-data\document\picture.doc
C:\home\henri\prj\zk-poi\test-data\document\Bug47742-text.txt
C:\home\henri\prj\zk-poi\test-data\document\Bug47287.doc
C:\home\henri\prj\zk-poi\test-data\document\watermark.doc
C:\home\henri\prj\zk-poi\test-data\document\Bug34898.doc
C:\home\henri\prj\zk-poi\test-data\document\testCroppedPictures.doc
C:\home\henri\prj\zk-poi\test-data\document\Bug48065.doc
C:\home\henri\prj\zk-poi\test-data\document\Bug45473.doc
C:\home\henri\prj\zk-poi\test-data\document\endingnote.doc
C:\home\henri\prj\zk-poi\test-data\document\abstract2.jpg
C:\home\henri\prj\zk-poi\test-data\document\abstract4.jpg
C:\home\henri\prj\zk-poi\test-data\document\hyperlink.doc
C:\home\henri\prj\zk-poi\test-data\document\Bug51604.doc
C:\home\henri\prj\zk-poi\test-data\document\Bug50955.doc
C:\home\henri\prj\zk-poi\test-data\document\Bug46817.doc
C:\home\henri\prj\zk-poi\test-data\document\Bug51686.doc
C:\home\henri\prj\zk-poi\test-data\document\WithGIF.docx
C:\home\henri\prj\zk-poi\test-data\document\page-break.doc
C:\home\henri\prj\zk-poi\test-data\document\Bug51170.docx
C:\home\henri\prj\zk-poi\test-data\document\issue_51265_2.docx
C:\home\henri\prj\zk-poi\src\java\org\apache\poi\poifs\crypt\EcmaDecryptor.java
C:\home\henri\prj\zk-poi\src\java\org\apache\poi\poifs\crypt\EncryptionHeader.java
C:\home\henri\prj\zk-poi\src\java\org\apache\poi\poifs\crypt\EncryptionInfo.java
C:\home\henri\prj\zk-poi\src\java\org\apache\poi\poifs\crypt\EncryptionVerifier.java
C:\home\henri\prj\zk-poi\src\java\org\apache\poi\poifs\crypt\Decryptor.java
C:\home\henri\prj\zk-poi\src\java\org\apache\poi\poifs\crypt\AgileDecryptor.java
C:\home\henri\prj\zk-poi\src\java\org\apache\poi\poifs\filesystem\NPOIFSFileSystem.java
C:\home\henri\prj\zk-poi\src\java\org\apache\poi\poifs\filesystem\NPOIFSStream.java
C:\home\henri\prj\zk-poi\src\java\org\apache\poi\poifs\filesystem\DirectoryNode.java
C:\home\henri\prj\zk-poi\src\java\org\apache\poi\poifs\filesystem\EntryUtils.java
C:\home\henri\prj\zk-poi\src\java\org\apache\poi\poifs\filesystem\DirectoryEntry.java
C:\home\henri\prj\zk-poi\src\java\org\apache\poi\poifs\filesystem\NPOIFSMiniStore.java
C:\home\henri\prj\zk-poi\src\java\org\apache\poi\poifs\filesystem\NDocumentInputStream.java
C:\home\henri\prj\zk-poi\src\java\org\apache\poi\poifs\filesystem\NPOIFSDocument.java
C:\home\henri\prj\zk-poi\src\java\org\apache\poi\poifs\storage\BlockAllocationTableReader.java
C:\home\henri\prj\zk-poi\src\java\org\apache\poi\poifs\property\PropertyTableBase.java
C:\home\henri\prj\zk-poi\src\java\org\apache\poi\poifs\property\NPropertyTable.java
C:\home\henri\prj\zk-poi\src\java\org\apache\poi\hssf\usermodel\HSSFCell.java
C:\home\henri\prj\zk-poi\src\java\org\apache\poi\hssf\usermodel\HSSFDataFormat.java
C:\home\henri\prj\zk-poi\src\java\org\apache\poi\hssf\usermodel\HSSFFormulaEvaluator.java
C:\home\henri\prj\zk-poi\src\java\org\apache\poi\hssf\usermodel\HSSFConditionalFormatting.java
C:\home\henri\prj\zk-poi\src\java\org\apache\poi\hssf\usermodel\HSSFObjectData.java
C:\home\henri\prj\zk-poi\src\java\org\apache\poi\hssf\usermodel\HSSFSheet.java
C:\home\henri\prj\zk-poi\src\java\org\apache\poi\hssf\usermodel\HSSFSimpleShape.java
C:\home\henri\prj\zk-poi\src\java\org\apache\poi\hssf\usermodel\HSSFPicture.java
C:\home\henri\prj\zk-poi\src\java\org\apache\poi\hssf\usermodel\HSSFPatriarch.java
C:\home\henri\prj\zk-poi\src\java\org\apache\poi\hssf\usermodel\HSSFShapeGroup.java
C:\home\henri\prj\zk-poi\src\java\org\apache\poi\hssf\usermodel\HSSFConditionalFormattingRule.java
C:\home\henri\prj\zk-poi\src\java\org\apache\poi\hssf\usermodel\HSSFSheetConditionalFormatting.java
C:\home\henri\prj\zk-poi\src\java\org\apache\poi\hssf\usermodel\HSSFWorkbook.java
C:\home\henri\prj\zk-poi\src\java\org\apache\poi\hssf\usermodel\HSSFShape.java
C:\home\henri\prj\zk-poi\src\java\org\apache\poi\hssf\usermodel\HSSFFontFormatting.java
C:\home\henri\prj\zk-poi\src\java\org\apache\poi\hssf\usermodel\HSSFRow.java
C:\home\henri\prj\zk-poi\src\java\org\apache\poi\hssf\usermodel\HSSFPatternFormatting.java
C:\home\henri\prj\zk-poi\src\java\org\apache\poi\hssf\usermodel\HSSFBorderFormatting.java
C:\home\henri\prj\zk-poi\src\java\org\apache\poi\hssf\model\InternalSheet.java
C:\home\henri\prj\zk-poi\src\java\org\apache\poi\hssf\model\PolygonShape.java
C:\home\henri\prj\zk-poi\src\java\org\apache\poi\hssf\model\LineShape.java
C:\home\henri\prj\zk-poi\src\java\org\apache\poi\hssf\model\TextboxShape.java
C:\home\henri\prj\zk-poi\src\java\org\apache\poi\hssf\model\CommentShape.java
C:\home\henri\prj\zk-poi\src\java\org\apache\poi\hssf\model\AbstractShape.java
C:\home\henri\prj\zk-poi\src\java\org\apache\poi\hssf\model\ComboboxShape.java
C:\home\henri\prj\zk-poi\src\java\org\apache\poi\hssf\model\RecordStream.java
C:\home\henri\prj\zk-poi\src\java\org\apache\poi\hssf\model\SimpleFilledShape.java
C:\home\henri\prj\zk-poi\src\java\org\apache\poi\hssf\model\InternalWorkbook.java
C:\home\henri\prj\zk-poi\src\java\org\apache\poi\hssf\model\PictureShape.java
C:\home\henri\prj\zk-poi\src\java\org\apache\poi\hssf\extractor\ExcelExtractor.java
C:\home\henri\prj\zk-poi\src\java\org\apache\poi\hssf\extractor\EventBasedExcelExtractor.java
C:\home\henri\prj\zk-poi\src\java\org\apache\poi\hssf\dev\BiffViewer.java
C:\home\henri\prj\zk-poi\src\java\org\apache\poi\hssf\record\NameCommentRecord.java
C:\home\henri\prj\zk-poi\src\java\org\apache\poi\hssf\record\RecalcIdRecord.java
C:\home\henri\prj\zk-poi\src\java\org\apache\poi\hssf\record\UncalcedRecord.java
C:\home\henri\prj\zk-poi\src\java\org\apache\poi\hssf\record\chart\ChartEndObjectRecord.java
C:\home\henri\prj\zk-poi\src\java\org\apache\poi\hssf\record\EscherAggregate.java
C:\home\henri\prj\zk-poi\src\java\org\apache\poi\hssf\record\DefaultColWidthRecord.java
C:\home\henri\prj\zk-poi\src\java\org\apache\poi\hssf\record\ExtSSTRecord.java
C:\home\henri\prj\zk-poi\src\java\org\apache\poi\hssf\record\RecordFactoryInputStream.java
C:\home\henri\prj\zk-poi\src\java\org\apache\poi\hssf\record\LbsDataSubRecord.java
C:\home\henri\prj\zk-poi\src\java\org\apache\poi\hssf\record\aggregates\RowRecordsAggregate.java
C:\home\henri\prj\zk-poi\src\java\org\apache\poi\hssf\record\aggregates\ValueRecordsAggregate.java
C:\home\henri\prj\zk-poi\src\java\org\apache\poi\hssf\record\aggregates\SharedValueManager.java
C:\home\henri\prj\zk-poi\src\java\org\apache\poi\hssf\record\LabelRecord.java
C:\home\henri\prj\zk-poi\src\java\org\apache\poi\hssf\record\HyperlinkRecord.java
C:\home\henri\prj\zk-poi\src\java\org\apache\poi\hssf\record\DefaultRowHeightRecord.java
C:\home\henri\prj\zk-poi\src\java\org\apache\poi\hssf\record\AbstractEscherHolderRecord.java
C:\home\henri\prj\zk-poi\src\java\org\apache\poi\hssf\record\ExternalNameRecord.java
C:\home\henri\prj\zk-poi\src\java\org\apache\poi\hssf\record\common\UnicodeString.java
C:\home\henri\prj\zk-poi\src\java\org\apache\poi\ss\usermodel\Chart.java
C:\home\henri\prj\zk-poi\src\java\org\apache\poi\ss\usermodel\IndexedColors.java
C:\home\henri\prj\zk-poi\src\java\org\apache\poi\ss\usermodel\charts
C:\home\henri\prj\zk-poi\src\java\org\apache\poi\ss\usermodel\charts\ValueAxis.java
C:\home\henri\prj\zk-poi\src\java\org\apache\poi\ss\usermodel\charts\AxisCrosses.java
C:\home\henri\prj\zk-poi\src\java\org\apache\poi\ss\usermodel\charts\ManualLayout.java
C:\home\henri\prj\zk-poi\src\java\org\apache\poi\ss\usermodel\charts\ChartDataSource.java
C:\home\henri\prj\zk-poi\src\java\org\apache\poi\ss\usermodel\charts\DataSources.java
C:\home\henri\prj\zk-poi\src\java\org\apache\poi\ss\usermodel\charts\ChartAxisFactory.java
C:\home\henri\prj\zk-poi\src\java\org\apache\poi\ss\usermodel\charts\ScatterChartSerie.java
C:\home\henri\prj\zk-poi\src\java\org\apache\poi\ss\usermodel\charts\AxisOrientation.java
C:\home\henri\prj\zk-poi\src\java\org\apache\poi\ss\usermodel\charts\ChartLegend.java
C:\home\henri\prj\zk-poi\src\java\org\apache\poi\ss\usermodel\charts\ScatterChartData.java
C:\home\henri\prj\zk-poi\src\java\org\apache\poi\ss\usermodel\charts\LayoutMode.java
C:\home\henri\prj\zk-poi\src\java\org\apache\poi\ss\usermodel\charts\ChartDataFactory.java
C:\home\henri\prj\zk-poi\src\java\org\apache\poi\ss\usermodel\charts\LegendPosition.java
C:\home\henri\prj\zk-poi\src\java\org\apache\poi\ss\usermodel\charts\LayoutTarget.java
C:\home\henri\prj\zk-poi\src\java\org\apache\poi\ss\usermodel\charts\ChartAxis.java
C:\home\henri\prj\zk-poi\src\java\org\apache\poi\ss\usermodel\charts\AxisCrossBetween.java
C:\home\henri\prj\zk-poi\src\java\org\apache\poi\ss\usermodel\charts\AxisPosition.java
C:\home\henri\prj\zk-poi\src\java\org\apache\poi\ss\usermodel\charts\ChartData.java
C:\home\henri\prj\zk-poi\src\java\org\apache\poi\ss\usermodel\charts\ManuallyPositionable.java
C:\home\henri\prj\zk-poi\src\java\org\apache\poi\ss\usermodel\Sheet.java
C:\home\henri\prj\zk-poi\src\java\org\apache\poi\ss\usermodel\Picture.java
C:\home\henri\prj\zk-poi\src\java\org\apache\poi\ss\usermodel\ConditionalFormattingRule.java
C:\home\henri\prj\zk-poi\src\java\org\apache\poi\ss\usermodel\SheetConditionalFormatting.java
C:\home\henri\prj\zk-poi\src\java\org\apache\poi\ss\usermodel\Workbook.java
C:\home\henri\prj\zk-poi\src\java\org\apache\poi\ss\usermodel\DataFormatter.java
C:\home\henri\prj\zk-poi\src\java\org\apache\poi\ss\usermodel\FontFormatting.java
C:\home\henri\prj\zk-poi\src\java\org\apache\poi\ss\usermodel\ExcelStyleDateFormatter.java
C:\home\henri\prj\zk-poi\src\java\org\apache\poi\ss\usermodel\Row.java
C:\home\henri\prj\zk-poi\src\java\org\apache\poi\ss\usermodel\PatternFormatting.java
C:\home\henri\prj\zk-poi\src\java\org\apache\poi\ss\usermodel\BorderFormatting.java
C:\home\henri\prj\zk-poi\src\java\org\apache\poi\ss\usermodel\ClientAnchor.java
C:\home\henri\prj\zk-poi\src\java\org\apache\poi\ss\usermodel\DateUtil.java
C:\home\henri\prj\zk-poi\src\java\org\apache\poi\ss\usermodel\ComparisonOperator.java
C:\home\henri\prj\zk-poi\src\java\org\apache\poi\ss\usermodel\FormulaEvaluator.java
C:\home\henri\prj\zk-poi\src\java\org\apache\poi\ss\usermodel\Drawing.java
C:\home\henri\prj\zk-poi\src\java\org\apache\poi\ss\usermodel\ConditionalFormatting.java
C:\home\henri\prj\zk-poi\src\java\org\apache\poi\ss\formula\LazyAreaEval.java
C:\home\henri\prj\zk-poi\src\java\org\apache\poi\ss\formula\FormulaCellCacheEntrySet.java
C:\home\henri\prj\zk-poi\src\java\org\apache\poi\ss\formula\SheetRefEvaluator.java
C:\home\henri\prj\zk-poi\src\java\org\apache\poi\ss\formula\eval\AreaEvalBase.java
C:\home\henri\prj\zk-poi\src\java\org\apache\poi\ss\formula\eval\FunctionEval.java
C:\home\henri\prj\zk-poi\src\java\org\apache\poi\ss\formula\WorkbookEvaluator.java
C:\home\henri\prj\zk-poi\src\java\org\apache\poi\ss\formula\TwoDEval.java
C:\home\henri\prj\zk-poi\src\java\org\apache\poi\ss\formula\PlainCellCache.java
C:\home\henri\prj\zk-poi\src\java\org\apache\poi\ss\formula\functions\MathX.java
C:\home\henri\prj\zk-poi\src\java\org\apache\poi\ss\formula\functions\MultiOperandNumericFunction.java
C:\home\henri\prj\zk-poi\src\java\org\apache\poi\ss\formula\functions\CalendarFieldFunction.java
C:\home\henri\prj\zk-poi\src\java\org\apache\poi\ss\formula\functions\Count.java
C:\home\henri\prj\zk-poi\src\java\org\apache\poi\ss\formula\functions\AggregateFunction.java
C:\home\henri\prj\zk-poi\src\java\org\apache\poi\ss\formula\functions\Irr.java
C:\home\henri\prj\zk-poi\src\java\org\apache\poi\ss\formula\functions\Countif.java
C:\home\henri\prj\zk-poi\src\java\org\apache\poi\ss\formula\functions\CountUtils.java
C:\home\henri\prj\zk-poi\src\java\org\apache\poi\ss\formula\functions\Counta.java
C:\home\henri\prj\zk-poi\src\java\org\apache\poi\ss\formula\functions\Subtotal.java
C:\home\henri\prj\zk-poi\src\java\org\apache\poi\ss\formula\FormulaShifter.java
C:\home\henri\prj\zk-poi\src\java\org\apache\poi\ss\format\CellFormat.java
C:\home\henri\prj\zk-poi\src\java\org\apache\poi\ss\util\CellRangeAddress.java
C:\home\henri\prj\zk-poi\src\java\org\apache\poi\ss\util\SheetUtil.java
C:\home\henri\prj\zk-poi\src\java\org\apache\poi\ss\util\DataMarker.java
C:\home\henri\prj\zk-poi\src\java\org\apache\poi\ss\util\cellwalk
C:\home\henri\prj\zk-poi\src\java\org\apache\poi\ss\util\cellwalk\CellWalkContext.java
C:\home\henri\prj\zk-poi\src\java\org\apache\poi\ss\util\cellwalk\CellHandler.java
C:\home\henri\prj\zk-poi\src\java\org\apache\poi\ss\util\cellwalk\CellWalk.java
C:\home\henri\prj\zk-poi\src\java\org\apache\poi\ss\util\SheetBuilder.java
C:\home\henri\prj\zk-poi\src\java\org\apache\poi\ss\util\WorkbookUtil.java
C:\home\henri\prj\zk-poi\src\java\org\apache\poi\POIDocument.java
C:\home\henri\prj\zk-poi\src\java\org\apache\poi\POIOLE2TextExtractor.java
C:\home\henri\prj\zk-poi\src\java\org\apache\poi\ddf\EscherPictBlip.java
C:\home\henri\prj\zk-poi\src\java\org\apache\poi\ddf\EscherClientAnchorRecord.java
C:\home\henri\prj\zk-poi\src\java\org\apache\poi\ddf\EscherSpgrRecord.java
C:\home\henri\prj\zk-poi\src\java\org\apache\poi\ddf\DefaultEscherRecordFactory.java
C:\home\henri\prj\zk-poi\src\java\org\apache\poi\ddf\EscherContainerRecord.java
C:\home\henri\prj\zk-poi\src\java\org\apache\poi\ddf\EscherProperty.java
C:\home\henri\prj\zk-poi\src\java\org\apache\poi\ddf\AbstractEscherOptRecord.java
C:\home\henri\prj\zk-poi\src\java\org\apache\poi\ddf\EscherTextboxRecord.java
C:\home\henri\prj\zk-poi\src\java\org\apache\poi\ddf\EscherBlipWMFRecord.java
C:\home\henri\prj\zk-poi\src\java\org\apache\poi\ddf\EscherDggRecord.java
C:\home\henri\prj\zk-poi\src\java\org\apache\poi\ddf\EscherClientDataRecord.java
C:\home\henri\prj\zk-poi\src\java\org\apache\poi\ddf\EscherBSERecord.java
C:\home\henri\prj\zk-poi\src\java\org\apache\poi\ddf\EscherChildAnchorRecord.java
C:\home\henri\prj\zk-poi\src\java\org\apache\poi\ddf\EscherRecord.java
C:\home\henri\prj\zk-poi\src\java\org\apache\poi\ddf\EscherSpRecord.java
C:\home\henri\prj\zk-poi\src\java\org\apache\poi\ddf\EscherBitmapBlip.java
C:\home\henri\prj\zk-poi\src\java\org\apache\poi\ddf\EscherTertiaryOptRecord.java
C:\home\henri\prj\zk-poi\src\java\org\apache\poi\ddf\EscherBlipRecord.java
C:\home\henri\prj\zk-poi\src\java\org\apache\poi\ddf\EscherDgRecord.java
C:\home\henri\prj\zk-poi\src\java\org\apache\poi\ddf\EscherProperties.java
C:\home\henri\prj\zk-poi\src\java\org\apache\poi\ddf\EscherMetafileBlip.java
C:\home\henri\prj\zk-poi\src\java\org\apache\poi\ddf\UnknownEscherRecord.java
C:\home\henri\prj\zk-poi\src\java\org\apache\poi\ddf\EscherOptRecord.java
C:\home\henri\prj\zk-poi\src\java\org\apache\poi\ddf\EscherSplitMenuColorsRecord.java
C:\home\henri\prj\zk-poi\src\java\org\apache\poi\util\Beta.java
C:\home\henri\prj\zk-poi\src\java\org\apache\poi\util\BitField.java
C:\home\henri\prj\zk-poi\src\java\org\apache\poi\util\ArrayUtil.java
C:\home\henri\prj\zk-poi\src\java\org\apache\poi\util\LittleEndian.java
C:\home\henri\prj\zk-poi\src\java\org\apache\poi\util\IOUtils.java
C:\home\henri\prj\zk-poi\src\excelant\java\org\apache\poi\ss\excelant\ExcelAntHandlerTask.java
C:\home\henri\prj\zk-poi\src\excelant\resources\org\apache\poi\ss\excelant\antlib.xml
C:\home\henri\prj\zk-poi\src\excelant\testcases\org\apache\poi\ss\excelant\tests.xml
C:\home\henri\prj\zk-poi\src\excelant\testcases\org\apache\poi\ss\excelant\util\TestExcelAntWorkbookUtil.java
C:\home\henri\prj\zk-poi\src\excelant\testcases\org\apache\poi\ss\examples\formula\CalculateMortgageFunction.java
C:\home\henri\prj\zk-poi\src\types\styles\hdftype.xsl
C:\home\henri\prj\zk-poi\src\types\definitions\pap_type.xml
C:\home\henri\prj\zk-poi\src\types\definitions\lfo_type.xml
C:\home\henri\prj\zk-poi\src\types\definitions\tap_type.xml
C:\home\henri\prj\zk-poi\src\types\definitions\shd80_type.xml
C:\home\henri\prj\zk-poi\src\types\definitions\sep_type.xml
C:\home\henri\prj\zk-poi\src\types\definitions\fspa_type.xml
C:\home\henri\prj\zk-poi\src\types\definitions\StdfBase_type.xml
C:\home\henri\prj\zk-poi\src\types\definitions\tlp_type.xml
C:\home\henri\prj\zk-poi\src\types\definitions\Stshif_type.xml
C:\home\henri\prj\zk-poi\src\types\definitions\bkf_type.xml
C:\home\henri\prj\zk-poi\src\types\definitions\lvlf_type.xml
C:\home\henri\prj\zk-poi\src\types\definitions\fld_type.xml
C:\home\henri\prj\zk-poi\src\types\definitions\tc_type.xml
C:\home\henri\prj\zk-poi\src\types\definitions\StdfPost2000_type.xml
C:\home\henri\prj\zk-poi\src\types\definitions\tbd_type.xml
C:\home\henri\prj\zk-poi\src\types\definitions\hresi_type.xml
C:\home\henri\prj\zk-poi\src\types\definitions\chp_type.xml
C:\home\henri\prj\zk-poi\src\types\definitions\frd_type.xml
C:\home\henri\prj\zk-poi\src\types\definitions\shd_type.xml
C:\home\henri\prj\zk-poi\src\documentation\Release-Checklist.txt
C:\home\henri\prj\zk-poi\src\documentation\skins\common\xslt\html\site2xhtml.xsl
C:\home\henri\prj\zk-poi\src\documentation\skins\poi-site\xslt\html\site2xhtml.xsl
C:\home\henri\prj\zk-poi\src\documentation\skinconf.xml
C:\home\henri\prj\zk-poi\src\documentation\release-guide.txt
C:\home\henri\prj\zk-poi\src\documentation\content\xdocs\howtobuild.xml
C:\home\henri\prj\zk-poi\src\documentation\content\xdocs\mirrors.xml
C:\home\henri\prj\zk-poi\src\documentation\content\xdocs\mailinglists.xml
C:\home\henri\prj\zk-poi\src\documentation\content\xdocs\hpsf\how-to.xml
C:\home\henri\prj\zk-poi\src\documentation\content\xdocs\text-extraction.xml
C:\home\henri\prj\zk-poi\src\documentation\content\xdocs\slideshow\index.xml
C:\home\henri\prj\zk-poi\src\documentation\content\xdocs\index.xml
C:\home\henri\prj\zk-poi\src\documentation\content\xdocs\spreadsheet\eval.xml
C:\home\henri\prj\zk-poi\src\documentation\content\xdocs\spreadsheet\limitations.xml
C:\home\henri\prj\zk-poi\src\documentation\content\xdocs\spreadsheet\quick-guide.xml
C:\home\henri\prj\zk-poi\src\documentation\content\xdocs\spreadsheet\index.xml
C:\home\henri\prj\zk-poi\src\documentation\content\xdocs\spreadsheet\how-to.xml
C:\home\henri\prj\zk-poi\src\documentation\content\xdocs\spreadsheet\examples.xml
C:\home\henri\prj\zk-poi\src\documentation\content\xdocs\casestudies.xml
C:\home\henri\prj\zk-poi\src\documentation\content\xdocs\news\logocontest.xml
C:\home\henri\prj\zk-poi\src\documentation\content\xdocs\historyandfuture.xml
C:\home\henri\prj\zk-poi\src\documentation\content\xdocs\status.xml
C:\home\henri\prj\zk-poi\src\documentation\content\xdocs\legal.xml
C:\home\henri\prj\zk-poi\src\documentation\content\xdocs\trans\index.xml
C:\home\henri\prj\zk-poi\src\documentation\content\xdocs\trans\es\overview.xml
C:\home\henri\prj\zk-poi\src\documentation\content\xdocs\trans\es\index.xml
C:\home\henri\prj\zk-poi\src\documentation\content\xdocs\trans\es\casestudies.xml
C:\home\henri\prj\zk-poi\src\documentation\content\xdocs\trans\es\news.xml
C:\home\henri\prj\zk-poi\src\documentation\content\xdocs\trans\es\historyandfuture.xml
C:\home\henri\prj\zk-poi\src\documentation\content\xdocs\trans\guidelines.xml
C:\home\henri\prj\zk-poi\src\documentation\content\xdocs\trans\de\index.xml
C:\home\henri\prj\zk-poi\src\documentation\content\xdocs\guidelines.xml
C:\home\henri\prj\zk-poi\src\documentation\content\xdocs\book.xml
C:\home\henri\prj\zk-poi\src\documentation\content\xdocs\encryption.xml
C:\home\henri\prj\zk-poi\src\documentation\content\xdocs\who.xml
C:\home\henri\prj\zk-poi\src\documentation\content\xdocs\subversion.xml
C:\home\henri\prj\zk-poi\src\documentation\content\xdocs\hwpf\index.xml
C:\home\henri\prj\zk-poi\src\documentation\content\xdocs\poi-ruby.xml
C:\home\henri\prj\zk-poi\src\documentation\content\xdocs\overview.xml
C:\home\henri\prj\zk-poi\src\documentation\content\xdocs\faq.xml
C:\home\henri\prj\zk-poi\src\documentation\content\xdocs\download.xml
C:\home\henri\prj\zk-poi\src\documentation\content\xdocs\news.xml
C:\home\henri\prj\zk-poi\src\documentation\resources\images\group-logo.jpg
C:\home\henri\prj\zk-poi\src\documentation\resources\images\project-logo.jpg
C:\home\henri\prj\zk-poi\src\documentation\resources\images\ss-features.png
C:\home\henri\prj\zk-poi\src\resources\scratchpad\org\apache\poi\xslf
C:\home\henri\prj\zk-poi\src\resources\scratchpad\org\apache\poi\xslf\usermodel
C:\home\henri\prj\zk-poi\src\resources\scratchpad\org\apache\poi\xslf\usermodel\empty.pptx
C:\home\henri\prj\zk-poi\src\scratchpad\src\org\apache\poi\hpbf\model\EscherPart.java
C:\home\henri\prj\zk-poi\src\scratchpad\src\org\apache\poi\hpbf\extractor\PublisherTextExtractor.java
C:\home\henri\prj\zk-poi\src\scratchpad\src\org\apache\poi\hpbf\HPBFDocument.java
C:\home\henri\prj\zk-poi\src\scratchpad\src\org\apache\poi\hdf\model\HDFObjectFactory.java
C:\home\henri\prj\zk-poi\src\scratchpad\src\org\apache\poi\hdf\model\HDFDocument.java
C:\home\henri\prj\zk-poi\src\scratchpad\src\org\apache\poi\hdf\model\hdftypes\FileInformationBlock.java
C:\home\henri\prj\zk-poi\src\scratchpad\src\org\apache\poi\hdf\model\hdftypes\LST.java
C:\home\henri\prj\zk-poi\src\scratchpad\src\org\apache\poi\hdf\model\hdftypes\HDFType.java
C:\home\henri\prj\zk-poi\src\scratchpad\src\org\apache\poi\hdf\model\hdftypes\PlexOfCps.java
C:\home\henri\prj\zk-poi\src\scratchpad\src\org\apache\poi\hdf\model\hdftypes\TableProperties.java
C:\home\henri\prj\zk-poi\src\scratchpad\src\org\apache\poi\hdf\model\hdftypes\StyleDescription.java
C:\home\henri\prj\zk-poi\src\scratchpad\src\org\apache\poi\hdf\model\hdftypes\ListTables.java
C:\home\henri\prj\zk-poi\src\scratchpad\src\org\apache\poi\hdf\model\hdftypes\HeaderFooter.java
C:\home\henri\prj\zk-poi\src\scratchpad\src\org\apache\poi\hdf\model\hdftypes\ChpxNode.java
C:\home\henri\prj\zk-poi\src\scratchpad\src\org\apache\poi\hdf\model\hdftypes\CharacterProperties.java
C:\home\henri\prj\zk-poi\src\scratchpad\src\org\apache\poi\hdf\model\hdftypes\FontTable.java
C:\home\henri\prj\zk-poi\src\scratchpad\src\org\apache\poi\hdf\model\hdftypes\PapxNode.java
C:\home\henri\prj\zk-poi\src\scratchpad\src\org\apache\poi\hdf\model\hdftypes\LFO.java
C:\home\henri\prj\zk-poi\src\scratchpad\src\org\apache\poi\hdf\model\hdftypes\SectionProperties.java
C:\home\henri\prj\zk-poi\src\scratchpad\src\org\apache\poi\hdf\model\hdftypes\ParagraphProperties.java
C:\home\henri\prj\zk-poi\src\scratchpad\src\org\apache\poi\hdf\model\hdftypes\SepxNode.java
C:\home\henri\prj\zk-poi\src\scratchpad\src\org\apache\poi\hdf\model\hdftypes\TableCellDescriptor.java
C:\home\henri\prj\zk-poi\src\scratchpad\src\org\apache\poi\hdf\model\hdftypes\CHPFormattedDiskPage.java
C:\home\henri\prj\zk-poi\src\scratchpad\src\org\apache\poi\hdf\model\hdftypes\StyleSheet.java
C:\home\henri\prj\zk-poi\src\scratchpad\src\org\apache\poi\hdf\model\hdftypes\PropertyNode.java
C:\home\henri\prj\zk-poi\src\scratchpad\src\org\apache\poi\hdf\model\hdftypes\TextPiece.java
C:\home\henri\prj\zk-poi\src\scratchpad\src\org\apache\poi\hdf\model\hdftypes\definitions\CHPAbstractType.java
C:\home\henri\prj\zk-poi\src\scratchpad\src\org\apache\poi\hdf\model\hdftypes\definitions\FIBAbstractType.java
C:\home\henri\prj\zk-poi\src\scratchpad\src\org\apache\poi\hdf\model\hdftypes\definitions\PAPAbstractType.java
C:\home\henri\prj\zk-poi\src\scratchpad\src\org\apache\poi\hdf\model\hdftypes\definitions\DOPAbstractType.java
C:\home\henri\prj\zk-poi\src\scratchpad\src\org\apache\poi\hdf\model\hdftypes\definitions\TAPAbstractType.java
C:\home\henri\prj\zk-poi\src\scratchpad\src\org\apache\poi\hdf\model\hdftypes\definitions\TCAbstractType.java
C:\home\henri\prj\zk-poi\src\scratchpad\src\org\apache\poi\hdf\model\hdftypes\definitions\SEPAbstractType.java
C:\home\henri\prj\zk-poi\src\scratchpad\src\org\apache\poi\hdf\model\hdftypes\DocumentProperties.java
C:\home\henri\prj\zk-poi\src\scratchpad\src\org\apache\poi\hdf\model\hdftypes\FormattedDiskPage.java
C:\home\henri\prj\zk-poi\src\scratchpad\src\org\apache\poi\hdf\model\hdftypes\LVL.java
C:\home\henri\prj\zk-poi\src\scratchpad\src\org\apache\poi\hdf\model\hdftypes\PAPFormattedDiskPage.java
C:\home\henri\prj\zk-poi\src\scratchpad\src\org\apache\poi\hdf\model\hdftypes\LFOLVL.java
C:\home\henri\prj\zk-poi\src\scratchpad\src\org\apache\poi\hdf\model\HDFObjectModel.java
C:\home\henri\prj\zk-poi\src\scratchpad\src\org\apache\poi\hdf\model\util\ParsingState.java
C:\home\henri\prj\zk-poi\src\scratchpad\src\org\apache\poi\hdf\model\util\NumberFormatter.java
C:\home\henri\prj\zk-poi\src\scratchpad\src\org\apache\poi\hdf\model\util\BTreeSet.java
C:\home\henri\prj\zk-poi\src\scratchpad\src\org\apache\poi\hdf\event\HDFLowLevelParsingListener.java
C:\home\henri\prj\zk-poi\src\scratchpad\src\org\apache\poi\hdf\event\HDFParsingListener.java
C:\home\henri\prj\zk-poi\src\scratchpad\src\org\apache\poi\hdf\event\EventBridge.java
C:\home\henri\prj\zk-poi\src\scratchpad\src\org\apache\poi\hdf\extractor\PropertySet.java
C:\home\henri\prj\zk-poi\src\scratchpad\src\org\apache\poi\hdf\extractor\Utils.java
C:\home\henri\prj\zk-poi\src\scratchpad\src\org\apache\poi\hdf\extractor\StyleDescription.java
C:\home\henri\prj\zk-poi\src\scratchpad\src\org\apache\poi\hdf\extractor\TC.java
C:\home\henri\prj\zk-poi\src\scratchpad\src\org\apache\poi\hdf\extractor\HeaderFooter.java
C:\home\henri\prj\zk-poi\src\scratchpad\src\org\apache\poi\hdf\extractor\CHP.java
C:\home\henri\prj\zk-poi\src\scratchpad\src\org\apache\poi\hdf\extractor\WordDocument.java
C:\home\henri\prj\zk-poi\src\scratchpad\src\org\apache\poi\hdf\extractor\FontTable.java
C:\home\henri\prj\zk-poi\src\scratchpad\src\org\apache\poi\hdf\extractor\TableRow.java
C:\home\henri\prj\zk-poi\src\scratchpad\src\org\apache\poi\hdf\extractor\PAP.java
C:\home\henri\prj\zk-poi\src\scratchpad\src\org\apache\poi\hdf\extractor\TAP.java
C:\home\henri\prj\zk-poi\src\scratchpad\src\org\apache\poi\hdf\extractor\SEP.java
C:\home\henri\prj\zk-poi\src\scratchpad\src\org\apache\poi\hdf\extractor\NewOleFile.java
C:\home\henri\prj\zk-poi\src\scratchpad\src\org\apache\poi\hdf\extractor\StyleSheet.java
C:\home\henri\prj\zk-poi\src\scratchpad\src\org\apache\poi\hdf\extractor\data\LFO.java
C:\home\henri\prj\zk-poi\src\scratchpad\src\org\apache\poi\hdf\extractor\data\LST.java
C:\home\henri\prj\zk-poi\src\scratchpad\src\org\apache\poi\hdf\extractor\data\DOP.java
C:\home\henri\prj\zk-poi\src\scratchpad\src\org\apache\poi\hdf\extractor\data\ListTables.java
C:\home\henri\prj\zk-poi\src\scratchpad\src\org\apache\poi\hdf\extractor\data\LVL.java
C:\home\henri\prj\zk-poi\src\scratchpad\src\org\apache\poi\hdf\extractor\data\LFOLVL.java
C:\home\henri\prj\zk-poi\src\scratchpad\src\org\apache\poi\hdf\extractor\TextPiece.java
C:\home\henri\prj\zk-poi\src\scratchpad\src\org\apache\poi\hdf\extractor\util\SepxNode.java
C:\home\henri\prj\zk-poi\src\scratchpad\src\org\apache\poi\hdf\extractor\util\ChpxNode.java
C:\home\henri\prj\zk-poi\src\scratchpad\src\org\apache\poi\hdf\extractor\util\PropertyNode.java
C:\home\henri\prj\zk-poi\src\scratchpad\src\org\apache\poi\hdf\extractor\util\NumberFormatter.java
C:\home\henri\prj\zk-poi\src\scratchpad\src\org\apache\poi\hdf\extractor\util\BTreeSet.java
C:\home\henri\prj\zk-poi\src\scratchpad\src\org\apache\poi\hdf\extractor\util\PapxNode.java
C:\home\henri\prj\zk-poi\src\scratchpad\src\org\apache\poi\hssf\converter
C:\home\henri\prj\zk-poi\src\scratchpad\src\org\apache\poi\hssf\converter\ExcelToHtmlConverter.java
C:\home\henri\prj\zk-poi\src\scratchpad\src\org\apache\poi\hssf\converter\ExcelToFoConverter.java
C:\home\henri\prj\zk-poi\src\scratchpad\src\org\apache\poi\hssf\converter\AbstractExcelUtils.java
C:\home\henri\prj\zk-poi\src\scratchpad\src\org\apache\poi\hssf\converter\ExcelToFoUtils.java
C:\home\henri\prj\zk-poi\src\scratchpad\src\org\apache\poi\hssf\converter\ExcelToHtmlUtils.java
C:\home\henri\prj\zk-poi\src\scratchpad\src\org\apache\poi\hssf\converter\AbstractExcelConverter.java
C:\home\henri\prj\zk-poi\src\scratchpad\src\org\apache\poi\hwpf\usermodel\HeaderStories.java
C:\home\henri\prj\zk-poi\src\scratchpad\src\org\apache\poi\hwpf\usermodel\TableProperties.java
C:\home\henri\prj\zk-poi\src\scratchpad\src\org\apache\poi\hwpf\usermodel\Section.java
C:\home\henri\prj\zk-poi\src\scratchpad\src\org\apache\poi\hwpf\usermodel\Bookmark.java
C:\home\henri\prj\zk-poi\src\scratchpad\src\org\apache\poi\hwpf\usermodel\FieldImpl.java
C:\home\henri\prj\zk-poi\src\scratchpad\src\org\apache\poi\hwpf\usermodel\OfficeDrawing.java
C:\home\henri\prj\zk-poi\src\scratchpad\src\org\apache\poi\hwpf\usermodel\BorderCode.java
C:\home\henri\prj\zk-poi\src\scratchpad\src\org\apache\poi\hwpf\usermodel\TableAutoformatLookSpecifier.java
C:\home\henri\prj\zk-poi\src\scratchpad\src\org\apache\poi\hwpf\usermodel\BookmarksImpl.java
C:\home\henri\prj\zk-poi\src\scratchpad\src\org\apache\poi\hwpf\usermodel\Picture.java
C:\home\henri\prj\zk-poi\src\scratchpad\src\org\apache\poi\hwpf\usermodel\ShadingDescriptor.java
C:\home\henri\prj\zk-poi\src\scratchpad\src\org\apache\poi\hwpf\usermodel\OfficeDrawingsImpl.java
C:\home\henri\prj\zk-poi\src\scratchpad\src\org\apache\poi\hwpf\usermodel\DateAndTime.java
C:\home\henri\prj\zk-poi\src\scratchpad\src\org\apache\poi\hwpf\usermodel\CharacterRun.java
C:\home\henri\prj\zk-poi\src\scratchpad\src\org\apache\poi\hwpf\usermodel\ParagraphProperties.java
C:\home\henri\prj\zk-poi\src\scratchpad\src\org\apache\poi\hwpf\usermodel\Field.java
C:\home\henri\prj\zk-poi\src\scratchpad\src\org\apache\poi\hwpf\usermodel\Table.java
C:\home\henri\prj\zk-poi\src\scratchpad\src\org\apache\poi\hwpf\usermodel\Bookmarks.java
C:\home\henri\prj\zk-poi\src\scratchpad\src\org\apache\poi\hwpf\usermodel\FieldsImpl.java
C:\home\henri\prj\zk-poi\src\scratchpad\src\org\apache\poi\hwpf\usermodel\OfficeDrawings.java
C:\home\henri\prj\zk-poi\src\scratchpad\src\org\apache\poi\hwpf\usermodel\LineSpacingDescriptor.java
C:\home\henri\prj\zk-poi\src\scratchpad\src\org\apache\poi\hwpf\usermodel\Range.java
C:\home\henri\prj\zk-poi\src\scratchpad\src\org\apache\poi\hwpf\usermodel\ListEntry.java
C:\home\henri\prj\zk-poi\src\scratchpad\src\org\apache\poi\hwpf\usermodel\Shape.java
C:\home\henri\prj\zk-poi\src\scratchpad\src\org\apache\poi\hwpf\usermodel\TableIterator.java
C:\home\henri\prj\zk-poi\src\scratchpad\src\org\apache\poi\hwpf\usermodel\Paragraph.java
C:\home\henri\prj\zk-poi\src\scratchpad\src\org\apache\poi\hwpf\usermodel\Fields.java
C:\home\henri\prj\zk-poi\src\scratchpad\src\org\apache\poi\hwpf\usermodel\CharacterProperties.java
C:\home\henri\prj\zk-poi\src\scratchpad\src\org\apache\poi\hwpf\usermodel\NotesImpl.java
C:\home\henri\prj\zk-poi\src\scratchpad\src\org\apache\poi\hwpf\usermodel\PictureType.java
C:\home\henri\prj\zk-poi\src\scratchpad\src\org\apache\poi\hwpf\usermodel\TableRow.java
C:\home\henri\prj\zk-poi\src\scratchpad\src\org\apache\poi\hwpf\usermodel\SectionProperties.java
C:\home\henri\prj\zk-poi\src\scratchpad\src\org\apache\poi\hwpf\usermodel\ObjectPoolImpl.java
C:\home\henri\prj\zk-poi\src\scratchpad\src\org\apache\poi\hwpf\usermodel\DropCapSpecifier.java
C:\home\henri\prj\zk-poi\src\scratchpad\src\org\apache\poi\hwpf\usermodel\ObjectsPool.java
C:\home\henri\prj\zk-poi\src\scratchpad\src\org\apache\poi\hwpf\usermodel\ShadingDescriptor80.java
C:\home\henri\prj\zk-poi\src\scratchpad\src\org\apache\poi\hwpf\usermodel\TableCellDescriptor.java
C:\home\henri\prj\zk-poi\src\scratchpad\src\org\apache\poi\hwpf\usermodel\TableCell.java
C:\home\henri\prj\zk-poi\src\scratchpad\src\org\apache\poi\hwpf\usermodel\Notes.java
C:\home\henri\prj\zk-poi\src\scratchpad\src\org\apache\poi\hwpf\model\FSPATable.java
C:\home\henri\prj\zk-poi\src\scratchpad\src\org\apache\poi\hwpf\model\TextPieceTable.java
C:\home\henri\prj\zk-poi\src\scratchpad\src\org\apache\poi\hwpf\model\SttbfUtils.java
C:\home\henri\prj\zk-poi\src\scratchpad\src\org\apache\poi\hwpf\model\SavedByTable.java
C:\home\henri\prj\zk-poi\src\scratchpad\src\org\apache\poi\hwpf\model\PicturesTable.java
C:\home\henri\prj\zk-poi\src\scratchpad\src\org\apache\poi\hwpf\model\NoteType.java
C:\home\henri\prj\zk-poi\src\scratchpad\src\org\apache\poi\hwpf\model\PictureDescriptor.java
C:\home\henri\prj\zk-poi\src\scratchpad\src\org\apache\poi\hwpf\model\Colorref.java
C:\home\henri\prj\zk-poi\src\scratchpad\src\org\apache\poi\hwpf\model\SavedByEntry.java
C:\home\henri\prj\zk-poi\src\scratchpad\src\org\apache\poi\hwpf\model\CharIndexTranslator.java
C:\home\henri\prj\zk-poi\src\scratchpad\src\org\apache\poi\hwpf\model\FSPADocumentPart.java
C:\home\henri\prj\zk-poi\src\scratchpad\src\org\apache\poi\hwpf\model\FieldDescriptor.java
C:\home\henri\prj\zk-poi\src\scratchpad\src\org\apache\poi\hwpf\model\StyleSheet.java
C:\home\henri\prj\zk-poi\src\scratchpad\src\org\apache\poi\hwpf\model\PropertyNode.java
C:\home\henri\prj\zk-poi\src\scratchpad\src\org\apache\poi\hwpf\model\ShapesTable.java
C:\home\henri\prj\zk-poi\src\scratchpad\src\org\apache\poi\hwpf\model\StdfBase.java
C:\home\henri\prj\zk-poi\src\scratchpad\src\org\apache\poi\hwpf\model\FormattedDiskPage.java
C:\home\henri\prj\zk-poi\src\scratchpad\src\org\apache\poi\hwpf\model\PlexOfField.java
C:\home\henri\prj\zk-poi\src\scratchpad\src\org\apache\poi\hwpf\model\PropertyModifier.java
C:\home\henri\prj\zk-poi\src\scratchpad\src\org\apache\poi\hwpf\model\EscherRecordHolder.java
C:\home\henri\prj\zk-poi\src\scratchpad\src\org\apache\poi\hwpf\model\PAPX.java
C:\home\henri\prj\zk-poi\src\scratchpad\src\org\apache\poi\hwpf\model\StdfPost2000.java
C:\home\henri\prj\zk-poi\src\scratchpad\src\org\apache\poi\hwpf\model\Ffn.java
C:\home\henri\prj\zk-poi\src\scratchpad\src\org\apache\poi\hwpf\model\OldCHPBinTable.java
C:\home\henri\prj\zk-poi\src\scratchpad\src\org\apache\poi\hwpf\model\FootnoteReferenceDescriptor.java
C:\home\henri\prj\zk-poi\src\scratchpad\src\org\apache\poi\hwpf\model\OldSectionTable.java
C:\home\henri\prj\zk-poi\src\scratchpad\src\org\apache\poi\hwpf\model\UnhandledDataStructure.java
C:\home\henri\prj\zk-poi\src\scratchpad\src\org\apache\poi\hwpf\model\BytePropertyNode.java
C:\home\henri\prj\zk-poi\src\scratchpad\src\org\apache\poi\hwpf\model\SEPX.java
C:\home\henri\prj\zk-poi\src\scratchpad\src\org\apache\poi\hwpf\model\BookmarksTables.java
C:\home\henri\prj\zk-poi\src\scratchpad\src\org\apache\poi\hwpf\model\ListFormatOverride.java
C:\home\henri\prj\zk-poi\src\scratchpad\src\org\apache\poi\hwpf\model\types\TBDAbstractType.java
C:\home\henri\prj\zk-poi\src\scratchpad\src\org\apache\poi\hwpf\model\types\HRESIAbstractType.java
C:\home\henri\prj\zk-poi\src\scratchpad\src\org\apache\poi\hwpf\model\types\CHPAbstractType.java
C:\home\henri\prj\zk-poi\src\scratchpad\src\org\apache\poi\hwpf\model\types\FRDAbstractType.java
C:\home\henri\prj\zk-poi\src\scratchpad\src\org\apache\poi\hwpf\model\types\SHDAbstractType.java
C:\home\henri\prj\zk-poi\src\scratchpad\src\org\apache\poi\hwpf\model\types\PAPAbstractType.java
C:\home\henri\prj\zk-poi\src\scratchpad\src\org\apache\poi\hwpf\model\types\LFOAbstractType.java
C:\home\henri\prj\zk-poi\src\scratchpad\src\org\apache\poi\hwpf\model\types\DOPAbstractType.java
C:\home\henri\prj\zk-poi\src\scratchpad\src\org\apache\poi\hwpf\model\types\TAPAbstractType.java
C:\home\henri\prj\zk-poi\src\scratchpad\src\org\apache\poi\hwpf\model\types\SHD80AbstractType.java
C:\home\henri\prj\zk-poi\src\scratchpad\src\org\apache\poi\hwpf\model\types\SEPAbstractType.java
C:\home\henri\prj\zk-poi\src\scratchpad\src\org\apache\poi\hwpf\model\types\FSPAAbstractType.java
C:\home\henri\prj\zk-poi\src\scratchpad\src\org\apache\poi\hwpf\model\types\StdfBaseAbstractType.java
C:\home\henri\prj\zk-poi\src\scratchpad\src\org\apache\poi\hwpf\model\types\TLPAbstractType.java
C:\home\henri\prj\zk-poi\src\scratchpad\src\org\apache\poi\hwpf\model\types\FIBAbstractType.java
C:\home\henri\prj\zk-poi\src\scratchpad\src\org\apache\poi\hwpf\model\types\StshifAbstractType.java
C:\home\henri\prj\zk-poi\src\scratchpad\src\org\apache\poi\hwpf\model\types\BKFAbstractType.java
C:\home\henri\prj\zk-poi\src\scratchpad\src\org\apache\poi\hwpf\model\types\LVLFAbstractType.java
C:\home\henri\prj\zk-poi\src\scratchpad\src\org\apache\poi\hwpf\model\types\FLDAbstractType.java
C:\home\henri\prj\zk-poi\src\scratchpad\src\org\apache\poi\hwpf\model\types\TCAbstractType.java
C:\home\henri\prj\zk-poi\src\scratchpad\src\org\apache\poi\hwpf\model\types\StdfPost2000AbstractType.java
C:\home\henri\prj\zk-poi\src\scratchpad\src\org\apache\poi\hwpf\model\PieceDescriptor.java
C:\home\henri\prj\zk-poi\src\scratchpad\src\org\apache\poi\hwpf\model\Hyphenation.java
C:\home\henri\prj\zk-poi\src\scratchpad\src\org\apache\poi\hwpf\model\SubdocumentType.java
C:\home\henri\prj\zk-poi\src\scratchpad\src\org\apache\poi\hwpf\model\SinglentonTextPiece.java
C:\home\henri\prj\zk-poi\src\scratchpad\src\org\apache\poi\hwpf\model\Stshif.java
C:\home\henri\prj\zk-poi\src\scratchpad\src\org\apache\poi\hwpf\model\FieldsTables.java
C:\home\henri\prj\zk-poi\src\scratchpad\src\org\apache\poi\hwpf\model\CHPX.java
C:\home\henri\prj\zk-poi\src\scratchpad\src\org\apache\poi\hwpf\model\SectionDescriptor.java
C:\home\henri\prj\zk-poi\src\scratchpad\src\org\apache\poi\hwpf\model\HDFType.java
C:\home\henri\prj\zk-poi\src\scratchpad\src\org\apache\poi\hwpf\model\LVLF.java
C:\home\henri\prj\zk-poi\src\scratchpad\src\org\apache\poi\hwpf\model\PlexOfCps.java
C:\home\henri\prj\zk-poi\src\scratchpad\src\org\apache\poi\hwpf\model\ListLevel.java
C:\home\henri\prj\zk-poi\src\scratchpad\src\org\apache\poi\hwpf\model\RevisionMarkAuthorTable.java
C:\home\henri\prj\zk-poi\src\scratchpad\src\org\apache\poi\hwpf\model\ListData.java
C:\home\henri\prj\zk-poi\src\scratchpad\src\org\apache\poi\hwpf\model\CHPBinTable.java
C:\home\henri\prj\zk-poi\src\scratchpad\src\org\apache\poi\hwpf\model\BookmarkFirstDescriptor.java
C:\home\henri\prj\zk-poi\src\scratchpad\src\org\apache\poi\hwpf\model\ListFormatOverrideLevel.java
C:\home\henri\prj\zk-poi\src\scratchpad\src\org\apache\poi\hwpf\model\FIBLongHandler.java
C:\home\henri\prj\zk-poi\src\scratchpad\src\org\apache\poi\hwpf\model\OldPAPBinTable.java
C:\home\henri\prj\zk-poi\src\scratchpad\src\org\apache\poi\hwpf\model\LFO.java
C:\home\henri\prj\zk-poi\src\scratchpad\src\org\apache\poi\hwpf\model\NotesTables.java
C:\home\henri\prj\zk-poi\src\scratchpad\src\org\apache\poi\hwpf\model\GenericPropertyNode.java
C:\home\henri\prj\zk-poi\src\scratchpad\src\org\apache\poi\hwpf\model\TextPiece.java
C:\home\henri\prj\zk-poi\src\scratchpad\src\org\apache\poi\hwpf\model\DocumentProperties.java
C:\home\henri\prj\zk-poi\src\scratchpad\src\org\apache\poi\hwpf\model\PAPFormattedDiskPage.java
C:\home\henri\prj\zk-poi\src\scratchpad\src\org\apache\poi\hwpf\model\FileInformationBlock.java
C:\home\henri\prj\zk-poi\src\scratchpad\src\org\apache\poi\hwpf\model\FIBFieldHandler.java
C:\home\henri\prj\zk-poi\src\scratchpad\src\org\apache\poi\hwpf\model\StyleDescription.java
C:\home\henri\prj\zk-poi\src\scratchpad\src\org\apache\poi\hwpf\model\TabDescriptor.java
C:\home\henri\prj\zk-poi\src\scratchpad\src\org\apache\poi\hwpf\model\ListTables.java
C:\home\henri\prj\zk-poi\src\scratchpad\src\org\apache\poi\hwpf\model\SectionTable.java
C:\home\henri\prj\zk-poi\src\scratchpad\src\org\apache\poi\hwpf\model\UPX.java
C:\home\henri\prj\zk-poi\src\scratchpad\src\org\apache\poi\hwpf\model\FontTable.java
C:\home\henri\prj\zk-poi\src\scratchpad\src\org\apache\poi\hwpf\model\FIBShortHandler.java
C:\home\henri\prj\zk-poi\src\scratchpad\src\org\apache\poi\hwpf\model\ComplexFileTable.java
C:\home\henri\prj\zk-poi\src\scratchpad\src\org\apache\poi\hwpf\model\PAPBinTable.java
C:\home\henri\prj\zk-poi\src\scratchpad\src\org\apache\poi\hwpf\model\CachedPropertyNode.java
C:\home\henri\prj\zk-poi\src\scratchpad\src\org\apache\poi\hwpf\model\io\HWPFOutputStream.java
C:\home\henri\prj\zk-poi\src\scratchpad\src\org\apache\poi\hwpf\model\io\HWPFFileSystem.java
C:\home\henri\prj\zk-poi\src\scratchpad\src\org\apache\poi\hwpf\model\CPSplitCalculator.java
C:\home\henri\prj\zk-poi\src\scratchpad\src\org\apache\poi\hwpf\model\CHPFormattedDiskPage.java
C:\home\henri\prj\zk-poi\src\scratchpad\src\org\apache\poi\hwpf\model\FSPA.java
C:\home\henri\prj\zk-poi\src\scratchpad\src\org\apache\poi\hwpf\model\FieldsDocumentPart.java
C:\home\henri\prj\zk-poi\src\scratchpad\src\org\apache\poi\hwpf\model\ParagraphHeight.java
C:\home\henri\prj\zk-poi\src\scratchpad\src\org\apache\poi\hwpf\sprm\SprmUncompressor.java
C:\home\henri\prj\zk-poi\src\scratchpad\src\org\apache\poi\hwpf\sprm\SprmOperation.java
C:\home\henri\prj\zk-poi\src\scratchpad\src\org\apache\poi\hwpf\sprm\SprmUtils.java
C:\home\henri\prj\zk-poi\src\scratchpad\src\org\apache\poi\hwpf\sprm\SectionSprmCompressor.java
C:\home\henri\prj\zk-poi\src\scratchpad\src\org\apache\poi\hwpf\sprm\ParagraphSprmCompressor.java
C:\home\henri\prj\zk-poi\src\scratchpad\src\org\apache\poi\hwpf\sprm\SectionSprmUncompressor.java
C:\home\henri\prj\zk-poi\src\scratchpad\src\org\apache\poi\hwpf\sprm\TableSprmCompressor.java
C:\home\henri\prj\zk-poi\src\scratchpad\src\org\apache\poi\hwpf\sprm\ParagraphSprmUncompressor.java
C:\home\henri\prj\zk-poi\src\scratchpad\src\org\apache\poi\hwpf\sprm\TableSprmUncompressor.java
C:\home\henri\prj\zk-poi\src\scratchpad\src\org\apache\poi\hwpf\sprm\SprmIterator.java
C:\home\henri\prj\zk-poi\src\scratchpad\src\org\apache\poi\hwpf\sprm\SprmBuffer.java
C:\home\henri\prj\zk-poi\src\scratchpad\src\org\apache\poi\hwpf\sprm\CharacterSprmCompressor.java
C:\home\henri\prj\zk-poi\src\scratchpad\src\org\apache\poi\hwpf\sprm\CharacterSprmUncompressor.java
C:\home\henri\prj\zk-poi\src\scratchpad\src\org\apache\poi\hwpf\HWPFOldDocument.java
C:\home\henri\prj\zk-poi\src\scratchpad\src\org\apache\poi\hwpf\HWPFDocument.java
C:\home\henri\prj\zk-poi\src\scratchpad\src\org\apache\poi\hwpf\converter
C:\home\henri\prj\zk-poi\src\scratchpad\src\org\apache\poi\hwpf\converter\AbstractWordUtils.java
C:\home\henri\prj\zk-poi\src\scratchpad\src\org\apache\poi\hwpf\converter\WordToHtmlUtils.java
C:\home\henri\prj\zk-poi\src\scratchpad\src\org\apache\poi\hwpf\converter\WordToFoUtils.java
C:\home\henri\prj\zk-poi\src\scratchpad\src\org\apache\poi\hwpf\converter\FontReplacer.java
C:\home\henri\prj\zk-poi\src\scratchpad\src\org\apache\poi\hwpf\converter\HtmlDocumentFacade.java
C:\home\henri\prj\zk-poi\src\scratchpad\src\org\apache\poi\hwpf\converter\FoDocumentFacade.java
C:\home\henri\prj\zk-poi\src\scratchpad\src\org\apache\poi\hwpf\converter\AbstractWordConverter.java
C:\home\henri\prj\zk-poi\src\scratchpad\src\org\apache\poi\hwpf\converter\TextDocumentFacade.java
C:\home\henri\prj\zk-poi\src\scratchpad\src\org\apache\poi\hwpf\converter\DefaultFontReplacer.java
C:\home\henri\prj\zk-poi\src\scratchpad\src\org\apache\poi\hwpf\converter\PicturesManager.java
C:\home\henri\prj\zk-poi\src\scratchpad\src\org\apache\poi\hwpf\converter\WordToHtmlConverter.java
C:\home\henri\prj\zk-poi\src\scratchpad\src\org\apache\poi\hwpf\converter\WordToTextConverter.java
C:\home\henri\prj\zk-poi\src\scratchpad\src\org\apache\poi\hwpf\converter\WordToFoConverter.java
C:\home\henri\prj\zk-poi\src\scratchpad\src\org\apache\poi\hwpf\converter\NumberFormatter.java
C:\home\henri\prj\zk-poi\src\scratchpad\src\org\apache\poi\hwpf\extractor\WordExtractor.java
C:\home\henri\prj\zk-poi\src\scratchpad\src\org\apache\poi\hwpf\extractor\Word6Extractor.java
C:\home\henri\prj\zk-poi\src\scratchpad\src\org\apache\poi\hwpf\HWPFDocumentCore.java
C:\home\henri\prj\zk-poi\src\scratchpad\src\org\apache\poi\hwpf\dev\HWPFLister.java
C:\home\henri\prj\zk-poi\src\scratchpad\src\org\apache\poi\hwpf\dev\RecordUtil.java
C:\home\henri\prj\zk-poi\src\scratchpad\src\org\apache\poi\hwpf\dev\FieldIterator.java
C:\home\henri\prj\zk-poi\src\scratchpad\src\org\apache\poi\hdgf\extractor\VisioTextExtractor.java
C:\home\henri\prj\zk-poi\src\scratchpad\src\org\apache\poi\hdgf\HDGFDiagram.java
C:\home\henri\prj\zk-poi\src\scratchpad\src\org\apache\poi\hslf\model\OLEShape.java
C:\home\henri\prj\zk-poi\src\scratchpad\src\org\apache\poi\hslf\model\TextShape.java
C:\home\henri\prj\zk-poi\src\scratchpad\src\org\apache\poi\hslf\model\Shape.java
C:\home\henri\prj\zk-poi\src\scratchpad\src\org\apache\poi\hslf\model\ShapeFactory.java
C:\home\henri\prj\zk-poi\src\scratchpad\src\org\apache\poi\hslf\extractor\PowerPointExtractor.java
C:\home\henri\prj\zk-poi\src\scratchpad\src\org\apache\poi\hslf\record\ExOleObjStg.java
C:\home\henri\prj\zk-poi\src\scratchpad\src\org\apache\poi\hslf\HSLFSlideShow.java
C:\home\henri\prj\zk-poi\src\scratchpad\src\org\apache\poi\hsmf\parsers\POIFSChunkParser.java
C:\home\henri\prj\zk-poi\src\scratchpad\src\org\apache\poi\hsmf\extractor\OutlookTextExtactor.java
C:\home\henri\prj\zk-poi\src\scratchpad\src\org\apache\poi\hsmf\MAPIMessage.java
C:\home\henri\prj\zk-poi\src\scratchpad\src\org\apache\poi\hsmf\datatypes\StringChunk.java
C:\home\henri\prj\zk-poi\src\scratchpad\src\org\apache\poi\hsmf\datatypes\Chunks.java
C:\home\henri\prj\zk-poi\src\scratchpad\src\org\apache\poi\hsmf\datatypes\DirectoryChunk.java
C:\home\henri\prj\zk-poi\src\scratchpad\testcases\org\apache\poi\hpbf\extractor\TestPublisherTextExtractor.java
C:\home\henri\prj\zk-poi\src\scratchpad\testcases\org\apache\poi\hpbf\extractor\TextPublisherTextExtractor.java
C:\home\henri\prj\zk-poi\src\scratchpad\testcases\org\apache\poi\hssf\converter
C:\home\henri\prj\zk-poi\src\scratchpad\testcases\org\apache\poi\hssf\converter\TestExcelConverterSuite.java
C:\home\henri\prj\zk-poi\src\scratchpad\testcases\org\apache\poi\hwpf\usermodel\TestBugs.java
C:\home\henri\prj\zk-poi\src\scratchpad\testcases\org\apache\poi\hwpf\usermodel\TestHWPFOldDocument.java
C:\home\henri\prj\zk-poi\src\scratchpad\testcases\org\apache\poi\hwpf\usermodel\TestRangeProperties.java
C:\home\henri\prj\zk-poi\src\scratchpad\testcases\org\apache\poi\hwpf\usermodel\TestRangeDelete.java
C:\home\henri\prj\zk-poi\src\scratchpad\testcases\org\apache\poi\hwpf\usermodel\TestTableRow.java
C:\home\henri\prj\zk-poi\src\scratchpad\testcases\org\apache\poi\hwpf\usermodel\TestProblems.java
C:\home\henri\prj\zk-poi\src\scratchpad\testcases\org\apache\poi\hwpf\usermodel\TestOfficeDrawings.java
C:\home\henri\prj\zk-poi\src\scratchpad\testcases\org\apache\poi\hwpf\usermodel\TestRange.java
C:\home\henri\prj\zk-poi\src\scratchpad\testcases\org\apache\poi\hwpf\usermodel\TestPictures.java
C:\home\henri\prj\zk-poi\src\scratchpad\testcases\org\apache\poi\hwpf\AllHWPFTests.java
C:\home\henri\prj\zk-poi\src\scratchpad\testcases\org\apache\poi\hwpf\model\TestFileInformationBlock.java
C:\home\henri\prj\zk-poi\src\scratchpad\testcases\org\apache\poi\hwpf\model\TestPAPBinTable.java
C:\home\henri\prj\zk-poi\src\scratchpad\testcases\org\apache\poi\hwpf\model\TestTextPieceTable.java
C:\home\henri\prj\zk-poi\src\scratchpad\testcases\org\apache\poi\hwpf\model\TestNotesTables.java
C:\home\henri\prj\zk-poi\src\scratchpad\testcases\org\apache\poi\hwpf\model\TestBookmarksTables.java
C:\home\henri\prj\zk-poi\src\scratchpad\testcases\org\apache\poi\hwpf\model\TestDocumentProperties.java
C:\home\henri\prj\zk-poi\src\scratchpad\testcases\org\apache\poi\hwpf\model\TestCHPBinTable.java
C:\home\henri\prj\zk-poi\src\scratchpad\testcases\org\apache\poi\hwpf\sprm
C:\home\henri\prj\zk-poi\src\scratchpad\testcases\org\apache\poi\hwpf\sprm\TestSprms.java
C:\home\henri\prj\zk-poi\src\scratchpad\testcases\org\apache\poi\hwpf\sprm\TableSprmUncompressorTest.java
C:\home\henri\prj\zk-poi\src\scratchpad\testcases\org\apache\poi\hwpf\TestFieldsTables.java
C:\home\henri\prj\zk-poi\src\scratchpad\testcases\org\apache\poi\hwpf\HWPFTestDataSamples.java
C:\home\henri\prj\zk-poi\src\scratchpad\testcases\org\apache\poi\hwpf\converter
C:\home\henri\prj\zk-poi\src\scratchpad\testcases\org\apache\poi\hwpf\converter\AbstractWordUtilsTest.java
C:\home\henri\prj\zk-poi\src\scratchpad\testcases\org\apache\poi\hwpf\converter\TestWordToConverterSuite.java
C:\home\henri\prj\zk-poi\src\scratchpad\testcases\org\apache\poi\hwpf\converter\TestWordToHtmlConverter.java
C:\home\henri\prj\zk-poi\src\scratchpad\testcases\org\apache\poi\hwpf\converter\TestWordToTextConverter.java
C:\home\henri\prj\zk-poi\src\scratchpad\testcases\org\apache\poi\hwpf\converter\TestWordToFoConverter.java
C:\home\henri\prj\zk-poi\src\scratchpad\testcases\org\apache\poi\hwpf\converter\TestNumberFormatter.java
C:\home\henri\prj\zk-poi\src\scratchpad\testcases\org\apache\poi\hwpf\extractor\TestWordExtractor.java
C:\home\henri\prj\zk-poi\src\scratchpad\testcases\org\apache\poi\hwpf\extractor\TestDifferentRoutes.java
C:\home\henri\prj\zk-poi\src\scratchpad\testcases\org\apache\poi\hdgf\extractor\TestVisioExtractor.java
C:\home\henri\prj\zk-poi\src\scratchpad\testcases\org\apache\poi\hslf\usermodel\TestBugs.java
C:\home\henri\prj\zk-poi\src\scratchpad\testcases\org\apache\poi\hslf\extractor\TestExtractor.java
C:\home\henri\prj\zk-poi\src\scratchpad\testcases\org\apache\poi\hsmf\TestBasics.java
C:\home\henri\prj\zk-poi\src\scratchpad\testcases\org\apache\poi\hsmf\extractor\TestOutlookTextExtractor.java
C:\home\henri\prj\zk-poi\src\scratchpad\testcases\org\apache\poi\hsmf\TestOutlook30FileRead.java
C:\home\henri\prj\zk-poi\src\scratchpad\testcases\log4j.properties
C:\home\henri\prj\zk-poi\src\examples\src\org\apache\poi\xssf\usermodel\examples\BigGridDemo.java
C:\home\henri\prj\zk-poi\src\examples\src\org\apache\poi\xssf\usermodel\examples\ScatterChart.java
C:\home\henri\prj\zk-poi\src\examples\src\org\apache\poi\xwpf\usermodel\UpdateEmbeddedDoc.java
C:\home\henri\prj\zk-poi\src\examples\src\org\apache\poi\ss\examples\ConditionalFormats.java
C:\home\henri\prj\zk-poi\src\examples\src\org\apache\poi\ss\examples\html\XSSFHtmlHelper.java
C:\home\henri\prj\zk-poi\src\examples\src\org\apache\poi\ss\examples\SSPerformanceTest.java
C:\home\henri\prj\zk-poi\src\examples\src\org\apache\poi\ss\examples\ToCSV.java
C:\home\henri\prj\zk-poi\src\examples\src\org\apache\poi\xslf
C:\home\henri\prj\zk-poi\src\examples\src\org\apache\poi\xslf\usermodel
C:\home\henri\prj\zk-poi\src\examples\src\org\apache\poi\xslf\usermodel\SlidesAndShapes.java
C:\home\henri\prj\zk-poi\src\testcases\org\apache\poi\poifs\crypt\TestEncryptionInfo.java
C:\home\henri\prj\zk-poi\src\testcases\org\apache\poi\poifs\crypt\TestDecryptor.java
C:\home\henri\prj\zk-poi\src\testcases\org\apache\poi\poifs\crypt\AllPOIFSCryptoTests.java
C:\home\henri\prj\zk-poi\src\testcases\org\apache\poi\poifs\crypt\EncryptionInfoTest.java
C:\home\henri\prj\zk-poi\src\testcases\org\apache\poi\poifs\crypt\DecryptorTest.java
C:\home\henri\prj\zk-poi\src\testcases\org\apache\poi\poifs\filesystem\TestNPOIFSFileSystem.java
C:\home\henri\prj\zk-poi\src\testcases\org\apache\poi\poifs\filesystem\TestDocumentInputStream.java
C:\home\henri\prj\zk-poi\src\testcases\org\apache\poi\poifs\filesystem\TestNPOIFSStream.java
C:\home\henri\prj\zk-poi\src\testcases\org\apache\poi\poifs\filesystem\TestNPOIFSMiniStore.java
C:\home\henri\prj\zk-poi\src\testcases\org\apache\poi\poifs\filesystem\TestEmptyDocument.java
C:\home\henri\prj\zk-poi\src\testcases\org\apache\poi\hssf\usermodel\TestHSSFDateUtil.java
C:\home\henri\prj\zk-poi\src\testcases\org\apache\poi\hssf\usermodel\TestHSSFDataFormat.java
C:\home\henri\prj\zk-poi\src\testcases\org\apache\poi\hssf\usermodel\TestHSSFConditionalFormatting.java
C:\home\henri\prj\zk-poi\src\testcases\org\apache\poi\hssf\usermodel\TestHSSFSheet.java
C:\home\henri\prj\zk-poi\src\testcases\org\apache\poi\hssf\usermodel\TestHSSFPicture.java
C:\home\henri\prj\zk-poi\src\testcases\org\apache\poi\hssf\usermodel\TestBugs.java
C:\home\henri\prj\zk-poi\src\testcases\org\apache\poi\hssf\usermodel\TestHSSFWorkbook.java
C:\home\henri\prj\zk-poi\src\testcases\org\apache\poi\hssf\model\TestShapes.java
C:\home\henri\prj\zk-poi\src\testcases\org\apache\poi\hssf\model\TestSheet.java
C:\home\henri\prj\zk-poi\src\testcases\org\apache\poi\hssf\model\TestWorkbook.java
C:\home\henri\prj\zk-poi\src\testcases\org\apache\poi\hssf\record\TestExtSSTRecord.java
C:\home\henri\prj\zk-poi\src\testcases\org\apache\poi\ss\usermodel\BaseTestBugzillaIssues.java
C:\home\henri\prj\zk-poi\src\testcases\org\apache\poi\ss\usermodel\BaseTestRow.java
C:\home\henri\prj\zk-poi\src\testcases\org\apache\poi\ss\usermodel\BaseTestSheet.java
C:\home\henri\prj\zk-poi\src\testcases\org\apache\poi\ss\usermodel\charts
C:\home\henri\prj\zk-poi\src\testcases\org\apache\poi\ss\usermodel\charts\TestDataSources.java
C:\home\henri\prj\zk-poi\src\testcases\org\apache\poi\ss\usermodel\BaseTestCell.java
C:\home\henri\prj\zk-poi\src\testcases\org\apache\poi\ss\usermodel\BaseTestFormulaEvaluator.java
C:\home\henri\prj\zk-poi\src\testcases\org\apache\poi\ss\usermodel\BaseTestWorkbook.java
C:\home\henri\prj\zk-poi\src\testcases\org\apache\poi\ss\usermodel\BaseTestConditionalFormatting.java
C:\home\henri\prj\zk-poi\src\testcases\org\apache\poi\ss\usermodel\TestDataFormatter.java
C:\home\henri\prj\zk-poi\src\testcases\org\apache\poi\ss\formula\TestPlainCellCache.java
C:\home\henri\prj\zk-poi\src\testcases\org\apache\poi\ss\formula\functions\TestMathX.java
C:\home\henri\prj\zk-poi\src\testcases\org\apache\poi\ss\formula\functions\TestCalendarFieldFunction.java
C:\home\henri\prj\zk-poi\src\testcases\org\apache\poi\ss\formula\functions\TestSumif.java
C:\home\henri\prj\zk-poi\src\testcases\org\apache\poi\ss\formula\functions\TestSubtotal.java
C:\home\henri\prj\zk-poi\src\testcases\org\apache\poi\ss\formula\TestEvaluationCache.java
C:\home\henri\prj\zk-poi\src\testcases\org\apache\poi\ss\util\TestSheetBuilder.java
C:\home\henri\prj\zk-poi\src\testcases\org\apache\poi\ss\util\cellwalk
C:\home\henri\prj\zk-poi\src\testcases\org\apache\poi\ss\util\cellwalk\TestCellWalk.java
C:\home\henri\prj\zk-poi\src\testcases\org\apache\poi\ddf\TestEscherClientDataRecord.java
C:\home\henri\prj\zk-poi\src\testcases\org\apache\poi\ddf\TestEscherClientAnchorRecord.java
C:\home\henri\prj\zk-poi\src\testcases\org\apache\poi\ddf\TestEscherBSERecord.java
C:\home\henri\prj\zk-poi\src\testcases\org\apache\poi\ddf\TestEscherSpgrRecord.java
C:\home\henri\prj\zk-poi\src\testcases\org\apache\poi\ddf\TestEscherChildAnchorRecord.java
C:\home\henri\prj\zk-poi\src\testcases\org\apache\poi\ddf\TestEscherSpRecord.java
C:\home\henri\prj\zk-poi\src\testcases\org\apache\poi\ddf\TestEscherContainerRecord.java
C:\home\henri\prj\zk-poi\src\testcases\org\apache\poi\ddf\TestEscherProperty.java
C:\home\henri\prj\zk-poi\src\testcases\org\apache\poi\ddf\TestEscherDgRecord.java
C:\home\henri\prj\zk-poi\src\testcases\org\apache\poi\ddf\TestUnknownEscherRecord.java
C:\home\henri\prj\zk-poi\src\testcases\org\apache\poi\ddf\TestEscherBlipWMFRecord.java
C:\home\henri\prj\zk-poi\src\testcases\org\apache\poi\ddf\TestEscherDggRecord.java
C:\home\henri\prj\zk-poi\src\testcases\org\apache\poi\ddf\TestEscherSplitMenuColorsRecord.java
C:\home\henri\prj\zk-poi\src\testcases\org\apache\poi\ddf\TestEscherOptRecord.java
C:\home\henri\prj\zk-poi\src\testcases\org\apache\poi\util\TestBitField.java
C:\home\henri\prj\zk-poi\src\ooxml\java\org\apache\poi\openxml4j\exceptions\OpenXML4JRuntimeException.java
C:\home\henri\prj\zk-poi\src\ooxml\java\org\apache\poi\openxml4j\exceptions\InvalidOperationException.java
C:\home\henri\prj\zk-poi\src\ooxml\java\org\apache\poi\openxml4j\exceptions\PartAlreadyExistsException.java
C:\home\henri\prj\zk-poi\src\ooxml\java\org\apache\poi\openxml4j\opc\PackageRelationshipTypes.java
C:\home\henri\prj\zk-poi\src\ooxml\java\org\apache\poi\openxml4j\opc\PackagingURIHelper.java
C:\home\henri\prj\zk-poi\src\ooxml\java\org\apache\poi\openxml4j\opc\ZipPackage.java
C:\home\henri\prj\zk-poi\src\ooxml\java\org\apache\poi\openxml4j\opc\PackagePart.java
C:\home\henri\prj\zk-poi\src\ooxml\java\org\apache\poi\openxml4j\opc\internal\PackagePropertiesPart.java
C:\home\henri\prj\zk-poi\src\ooxml\java\org\apache\poi\openxml4j\opc\internal\MemoryPackagePart.java
C:\home\henri\prj\zk-poi\src\ooxml\java\org\apache\poi\openxml4j\opc\OPCPackage.java
C:\home\henri\prj\zk-poi\src\ooxml\java\org\apache\poi\openxml4j\util\ZipInputStreamZipEntrySource.java
C:\home\henri\prj\zk-poi\src\ooxml\java\org\apache\poi\xssf\usermodel\XSSFWorkbook.java
C:\home\henri\prj\zk-poi\src\ooxml\java\org\apache\poi\xssf\usermodel\XSSFCellStyle.java
C:\home\henri\prj\zk-poi\src\ooxml\java\org\apache\poi\xssf\usermodel\charts
C:\home\henri\prj\zk-poi\src\ooxml\java\org\apache\poi\xssf\usermodel\charts\XSSFManualLayout.java
C:\home\henri\prj\zk-poi\src\ooxml\java\org\apache\poi\xssf\usermodel\charts\XSSFChartUtil.java
C:\home\henri\prj\zk-poi\src\ooxml\java\org\apache\poi\xssf\usermodel\charts\XSSFChartLegend.java
C:\home\henri\prj\zk-poi\src\ooxml\java\org\apache\poi\xssf\usermodel\charts\XSSFValueAxis.java
C:\home\henri\prj\zk-poi\src\ooxml\java\org\apache\poi\xssf\usermodel\charts\XSSFScatterChartData.java
C:\home\henri\prj\zk-poi\src\ooxml\java\org\apache\poi\xssf\usermodel\charts\XSSFChartDataFactory.java
C:\home\henri\prj\zk-poi\src\ooxml\java\org\apache\poi\xssf\usermodel\charts\XSSFChartAxis.java
C:\home\henri\prj\zk-poi\src\ooxml\java\org\apache\poi\xssf\usermodel\XSSFFontFormatting.java
C:\home\henri\prj\zk-poi\src\ooxml\java\org\apache\poi\xssf\usermodel\XSSFRow.java
C:\home\henri\prj\zk-poi\src\ooxml\java\org\apache\poi\xssf\usermodel\XSSFBorderFormatting.java
C:\home\henri\prj\zk-poi\src\ooxml\java\org\apache\poi\xssf\usermodel\XSSFPatternFormatting.java
C:\home\henri\prj\zk-poi\src\ooxml\java\org\apache\poi\xssf\usermodel\extensions\XSSFCellBorder.java
C:\home\henri\prj\zk-poi\src\ooxml\java\org\apache\poi\xssf\usermodel\XSSFRelation.java
C:\home\henri\prj\zk-poi\src\ooxml\java\org\apache\poi\xssf\usermodel\helpers\XSSFRowShifter.java
C:\home\henri\prj\zk-poi\src\ooxml\java\org\apache\poi\xssf\usermodel\helpers\XSSFXmlColumnPr.java
C:\home\henri\prj\zk-poi\src\ooxml\java\org\apache\poi\xssf\usermodel\helpers\XSSFFormulaUtils.java
C:\home\henri\prj\zk-poi\src\ooxml\java\org\apache\poi\xssf\usermodel\XSSFColor.java
C:\home\henri\prj\zk-poi\src\ooxml\java\org\apache\poi\xssf\usermodel\XSSFCell.java
C:\home\henri\prj\zk-poi\src\ooxml\java\org\apache\poi\xssf\usermodel\XSSFRichTextString.java
C:\home\henri\prj\zk-poi\src\ooxml\java\org\apache\poi\xssf\usermodel\XSSFFormulaEvaluator.java
C:\home\henri\prj\zk-poi\src\ooxml\java\org\apache\poi\xssf\usermodel\XSSFChartSheet.java
C:\home\henri\prj\zk-poi\src\ooxml\java\org\apache\poi\xssf\usermodel\XSSFDrawing.java
C:\home\henri\prj\zk-poi\src\ooxml\java\org\apache\poi\xssf\usermodel\XSSFConditionalFormatting.java
C:\home\henri\prj\zk-poi\src\ooxml\java\org\apache\poi\xssf\usermodel\XSSFChart.java
C:\home\henri\prj\zk-poi\src\ooxml\java\org\apache\poi\xssf\usermodel\XSSFHyperlink.java
C:\home\henri\prj\zk-poi\src\ooxml\java\org\apache\poi\xssf\usermodel\XSSFSheet.java
C:\home\henri\prj\zk-poi\src\ooxml\java\org\apache\poi\xssf\usermodel\XSSFPicture.java
C:\home\henri\prj\zk-poi\src\ooxml\java\org\apache\poi\xssf\usermodel\XSSFMap.java
C:\home\henri\prj\zk-poi\src\ooxml\java\org\apache\poi\xssf\usermodel\XSSFConditionalFormattingRule.java
C:\home\henri\prj\zk-poi\src\ooxml\java\org\apache\poi\xssf\usermodel\XSSFTable.java
C:\home\henri\prj\zk-poi\src\ooxml\java\org\apache\poi\xssf\usermodel\XSSFSheetConditionalFormatting.java
C:\home\henri\prj\zk-poi\src\ooxml\java\org\apache\poi\xssf\usermodel\XSSFGraphicFrame.java
C:\home\henri\prj\zk-poi\src\ooxml\java\org\apache\poi\xssf\model\SharedStringsTable.java
C:\home\henri\prj\zk-poi\src\ooxml\java\org\apache\poi\xssf\model\StylesTable.java
C:\home\henri\prj\zk-poi\src\ooxml\java\org\apache\poi\xssf\model\ThemesTable.java
C:\home\henri\prj\zk-poi\src\ooxml\java\org\apache\poi\xssf\model\Table.java
C:\home\henri\prj\zk-poi\src\ooxml\java\org\apache\poi\xssf\streaming
C:\home\henri\prj\zk-poi\src\ooxml\java\org\apache\poi\xssf\streaming\SXSSFSheet.java
C:\home\henri\prj\zk-poi\src\ooxml\java\org\apache\poi\xssf\streaming\SXSSFWorkbook.java
C:\home\henri\prj\zk-poi\src\ooxml\java\org\apache\poi\xssf\streaming\SXSSFCell.java
C:\home\henri\prj\zk-poi\src\ooxml\java\org\apache\poi\xssf\streaming\SXSSFRow.java
C:\home\henri\prj\zk-poi\src\ooxml\java\org\apache\poi\xssf\extractor\XSSFImportFromXML.java
C:\home\henri\prj\zk-poi\src\ooxml\java\org\apache\poi\xssf\extractor\XSSFExportToXml.java
C:\home\henri\prj\zk-poi\src\ooxml\java\org\apache\poi\xwpf\usermodel\XWPFFooter.java
C:\home\henri\prj\zk-poi\src\ooxml\java\org\apache\poi\xwpf\usermodel\XWPFSettings.java
C:\home\henri\prj\zk-poi\src\ooxml\java\org\apache\poi\xwpf\usermodel\IBody.java
C:\home\henri\prj\zk-poi\src\ooxml\java\org\apache\poi\xwpf\usermodel\XWPFRun.java
C:\home\henri\prj\zk-poi\src\ooxml\java\org\apache\poi\xwpf\usermodel\XWPFPictureData.java
C:\home\henri\prj\zk-poi\src\ooxml\java\org\apache\poi\xwpf\usermodel\IBodyElement.java
C:\home\henri\prj\zk-poi\src\ooxml\java\org\apache\poi\xwpf\usermodel\XWPFPicture.java
C:\home\henri\prj\zk-poi\src\ooxml\java\org\apache\poi\xwpf\usermodel\XWPFRelation.java
C:\home\henri\prj\zk-poi\src\ooxml\java\org\apache\poi\xwpf\usermodel\XWPFDocument.java
C:\home\henri\prj\zk-poi\src\ooxml\java\org\apache\poi\xwpf\usermodel\XWPFTableRow.java
C:\home\henri\prj\zk-poi\src\ooxml\java\org\apache\poi\xwpf\usermodel\XWPFFootnotes.java
C:\home\henri\prj\zk-poi\src\ooxml\java\org\apache\poi\xwpf\usermodel\BreakType.java
C:\home\henri\prj\zk-poi\src\ooxml\java\org\apache\poi\xwpf\usermodel\XWPFStyles.java
C:\home\henri\prj\zk-poi\src\ooxml\java\org\apache\poi\xwpf\usermodel\XWPFTable.java
C:\home\henri\prj\zk-poi\src\ooxml\java\org\apache\poi\xwpf\usermodel\XWPFHeader.java
C:\home\henri\prj\zk-poi\src\ooxml\java\org\apache\poi\xwpf\usermodel\XWPFFootnote.java
C:\home\henri\prj\zk-poi\src\ooxml\java\org\apache\poi\xwpf\usermodel\ParagraphAlignment.java
C:\home\henri\prj\zk-poi\src\ooxml\java\org\apache\poi\xwpf\usermodel\UnderlinePatterns.java
C:\home\henri\prj\zk-poi\src\ooxml\java\org\apache\poi\xwpf\usermodel\XWPFParagraph.java
C:\home\henri\prj\zk-poi\src\ooxml\java\org\apache\poi\xwpf\usermodel\XWPFHeaderFooter.java
C:\home\henri\prj\zk-poi\src\ooxml\java\org\apache\poi\xwpf\usermodel\Document.java
C:\home\henri\prj\zk-poi\src\ooxml\java\org\apache\poi\xwpf\usermodel\TextAlignment.java
C:\home\henri\prj\zk-poi\src\ooxml\java\org\apache\poi\xwpf\usermodel\LineSpacingRule.java
C:\home\henri\prj\zk-poi\src\ooxml\java\org\apache\poi\xwpf\usermodel\VerticalAlign.java
C:\home\henri\prj\zk-poi\src\ooxml\java\org\apache\poi\xwpf\usermodel\BreakClear.java
C:\home\henri\prj\zk-poi\src\ooxml\java\org\apache\poi\xwpf\usermodel\XWPFNumbering.java
C:\home\henri\prj\zk-poi\src\ooxml\java\org\apache\poi\xwpf\usermodel\XWPFTableCell.java
C:\home\henri\prj\zk-poi\src\ooxml\java\org\apache\poi\xwpf\model\XWPFHeaderFooterPolicy.java
C:\home\henri\prj\zk-poi\src\ooxml\java\org\apache\poi\xwpf\package.html
C:\home\henri\prj\zk-poi\src\ooxml\java\org\apache\poi\POIXMLDocument.java
C:\home\henri\prj\zk-poi\src\ooxml\java\org\apache\poi\extractor\ExtractorFactory.java
C:\home\henri\prj\zk-poi\src\ooxml\java\org\apache\poi\xslf\usermodel\XSLFTheme.java
C:\home\henri\prj\zk-poi\src\ooxml\java\org\apache\poi\xslf\usermodel\XSLFNotesMaster.java
C:\home\henri\prj\zk-poi\src\ooxml\java\org\apache\poi\xslf\usermodel\XSLFTextShape.java
C:\home\henri\prj\zk-poi\src\ooxml\java\org\apache\poi\xslf\usermodel\XSLFHyperlink.java
C:\home\henri\prj\zk-poi\src\ooxml\java\org\apache\poi\xslf\usermodel\XSLFPictureData.java
C:\home\henri\prj\zk-poi\src\ooxml\java\org\apache\poi\xslf\usermodel\DrawingTable.java
C:\home\henri\prj\zk-poi\src\ooxml\java\org\apache\poi\xslf\usermodel\XSLFFactory.java
C:\home\henri\prj\zk-poi\src\ooxml\java\org\apache\poi\xslf\usermodel\XSLFSheet.java
C:\home\henri\prj\zk-poi\src\ooxml\java\org\apache\poi\xslf\usermodel\XSLFCommentAuthors.java
C:\home\henri\prj\zk-poi\src\ooxml\java\org\apache\poi\xslf\usermodel\XSLFSimpleShape.java
C:\home\henri\prj\zk-poi\src\ooxml\java\org\apache\poi\xslf\usermodel\XSLFTextParagraph.java
C:\home\henri\prj\zk-poi\src\ooxml\java\org\apache\poi\xslf\usermodel\XSLFConnectorShape.java
C:\home\henri\prj\zk-poi\src\ooxml\java\org\apache\poi\xslf\usermodel\VerticalAlignment.java
C:\home\henri\prj\zk-poi\src\ooxml\java\org\apache\poi\xslf\usermodel\XSLFRelation.java
C:\home\henri\prj\zk-poi\src\ooxml\java\org\apache\poi\xslf\usermodel\LineCap.java
C:\home\henri\prj\zk-poi\src\ooxml\java\org\apache\poi\xslf\usermodel\XSLFTableRow.java
C:\home\henri\prj\zk-poi\src\ooxml\java\org\apache\poi\xslf\usermodel\DrawingTextBody.java
C:\home\henri\prj\zk-poi\src\ooxml\java\org\apache\poi\xslf\usermodel\LineEndWidth.java
C:\home\henri\prj\zk-poi\src\ooxml\java\org\apache\poi\xslf\usermodel\DrawingParagraph.java
C:\home\henri\prj\zk-poi\src\ooxml\java\org\apache\poi\xslf\usermodel\Placeholder.java
C:\home\henri\prj\zk-poi\src\ooxml\java\org\apache\poi\xslf\usermodel\XSLFComments.java
C:\home\henri\prj\zk-poi\src\ooxml\java\org\apache\poi\xslf\usermodel\XSLFTable.java
C:\home\henri\prj\zk-poi\src\ooxml\java\org\apache\poi\xslf\usermodel\TextDirection.java
C:\home\henri\prj\zk-poi\src\ooxml\java\org\apache\poi\xslf\usermodel\XSLFAutoShape.java
C:\home\henri\prj\zk-poi\src\ooxml\java\org\apache\poi\xslf\usermodel\XSLFTextBox.java
C:\home\henri\prj\zk-poi\src\ooxml\java\org\apache\poi\xslf\usermodel\DrawingTableRow.java
C:\home\henri\prj\zk-poi\src\ooxml\java\org\apache\poi\xslf\usermodel\XSLFSlideLayout.java
C:\home\henri\prj\zk-poi\src\ooxml\java\org\apache\poi\xslf\usermodel\XSLFSlide.java
C:\home\henri\prj\zk-poi\src\ooxml\java\org\apache\poi\xslf\usermodel\XSLFShape.java
C:\home\henri\prj\zk-poi\src\ooxml\java\org\apache\poi\xslf\usermodel\TextAlign.java
C:\home\henri\prj\zk-poi\src\ooxml\java\org\apache\poi\xslf\usermodel\LineDecoration.java
C:\home\henri\prj\zk-poi\src\ooxml\java\org\apache\poi\xslf\usermodel\XSLFCommonSlideData.java
C:\home\henri\prj\zk-poi\src\ooxml\java\org\apache\poi\xslf\usermodel\DrawingTextPlaceholder.java
C:\home\henri\prj\zk-poi\src\ooxml\java\org\apache\poi\xslf\usermodel\XSLFTableStyle.java
C:\home\henri\prj\zk-poi\src\ooxml\java\org\apache\poi\xslf\usermodel\XSLFTextRun.java
C:\home\henri\prj\zk-poi\src\ooxml\java\org\apache\poi\xslf\usermodel\XSLFSlideMaster.java
C:\home\henri\prj\zk-poi\src\ooxml\java\org\apache\poi\xslf\usermodel\XSLFGroupShape.java
C:\home\henri\prj\zk-poi\src\ooxml\java\org\apache\poi\xslf\usermodel\LineEndLength.java
C:\home\henri\prj\zk-poi\src\ooxml\java\org\apache\poi\xslf\usermodel\TextAutofit.java
C:\home\henri\prj\zk-poi\src\ooxml\java\org\apache\poi\xslf\usermodel\XMLSlideShow.java
C:\home\henri\prj\zk-poi\src\ooxml\java\org\apache\poi\xslf\usermodel\XSLFFreeformShape.java
C:\home\henri\prj\zk-poi\src\ooxml\java\org\apache\poi\xslf\usermodel\XSLFTableCell.java
C:\home\henri\prj\zk-poi\src\ooxml\java\org\apache\poi\xslf\usermodel\XSLFNotes.java
C:\home\henri\prj\zk-poi\src\ooxml\java\org\apache\poi\xslf\usermodel\XSLFGraphicFrame.java
C:\home\henri\prj\zk-poi\src\ooxml\java\org\apache\poi\xslf\usermodel\LineDash.java
C:\home\henri\prj\zk-poi\src\ooxml\java\org\apache\poi\xslf\usermodel\XSLFTableStyles.java
C:\home\henri\prj\zk-poi\src\ooxml\java\org\apache\poi\xslf\usermodel\XSLFDrawing.java
C:\home\henri\prj\zk-poi\src\ooxml\java\org\apache\poi\xslf\usermodel\XSLFPictureShape.java
C:\home\henri\prj\zk-poi\src\ooxml\java\org\apache\poi\xslf\extractor\XSLFPowerPointExtractor.java
C:\home\henri\prj\zk-poi\src\ooxml\java\org\apache\poi\xslf\XSLFSlideShow.java
C:\home\henri\prj\zk-poi\src\ooxml\java\org\apache\poi\util\Units.java
C:\home\henri\prj\zk-poi\src\ooxml\java\org\apache\poi\util\IdentifierManager.java
C:\home\henri\prj\zk-poi\src\ooxml\java\org\apache\poi\POIXMLDocumentPart.java
C:\home\henri\prj\zk-poi\src\ooxml\testcases\org\apache\poi\openxml4j\opc\TestPackageCoreProperties.java
C:\home\henri\prj\zk-poi\src\ooxml\testcases\org\apache\poi\openxml4j\opc\TestRelationships.java
C:\home\henri\prj\zk-poi\src\ooxml\testcases\org\apache\poi\openxml4j\opc\TestPackagingURIHelper.java
C:\home\henri\prj\zk-poi\src\ooxml\testcases\org\apache\poi\openxml4j\opc\compliance\TestOPCCompliancePackageModel.java
C:\home\henri\prj\zk-poi\src\ooxml\testcases\org\apache\poi\openxml4j\opc\TestPackage.java
C:\home\henri\prj\zk-poi\src\ooxml\testcases\org\apache\poi\xssf\usermodel\TestXSSFWorkbook.java
C:\home\henri\prj\zk-poi\src\ooxml\testcases\org\apache\poi\xssf\usermodel\charts
C:\home\henri\prj\zk-poi\src\ooxml\testcases\org\apache\poi\xssf\usermodel\charts\TestXSSFManualLayout.java
C:\home\henri\prj\zk-poi\src\ooxml\testcases\org\apache\poi\xssf\usermodel\charts\TestXSSFChartLegend.java
C:\home\henri\prj\zk-poi\src\ooxml\testcases\org\apache\poi\xssf\usermodel\charts\TestXSSFValueAxis.java
C:\home\henri\prj\zk-poi\src\ooxml\testcases\org\apache\poi\xssf\usermodel\charts\TestXSSFScatterChartData.java
C:\home\henri\prj\zk-poi\src\ooxml\testcases\org\apache\poi\xssf\usermodel\charts\TestXSSFChartAxis.java
C:\home\henri\prj\zk-poi\src\ooxml\testcases\org\apache\poi\xssf\usermodel\TestXSSFBugs.java
C:\home\henri\prj\zk-poi\src\ooxml\testcases\org\apache\poi\xssf\usermodel\TestXSSFCellStyle.java
C:\home\henri\prj\zk-poi\src\ooxml\testcases\org\apache\poi\xssf\usermodel\streaming
C:\home\henri\prj\zk-poi\src\ooxml\testcases\org\apache\poi\xssf\usermodel\streaming\TestSXSSFSheet.java
C:\home\henri\prj\zk-poi\src\ooxml\testcases\org\apache\poi\xssf\usermodel\streaming\TestSXSSFWorkbook.java
C:\home\henri\prj\zk-poi\src\ooxml\testcases\org\apache\poi\xssf\usermodel\streaming\TestSXSSFCell.java
C:\home\henri\prj\zk-poi\src\ooxml\testcases\org\apache\poi\xssf\usermodel\streaming\TestSXSSFHyperlink.java
C:\home\henri\prj\zk-poi\src\ooxml\testcases\org\apache\poi\xssf\usermodel\streaming\TestSXSSFRow.java
C:\home\henri\prj\zk-poi\src\ooxml\testcases\org\apache\poi\xssf\usermodel\extensions\TestXSSFBorder.java
C:\home\henri\prj\zk-poi\src\ooxml\testcases\org\apache\poi\xssf\usermodel\TestXSSFColor.java
C:\home\henri\prj\zk-poi\src\ooxml\testcases\org\apache\poi\xssf\usermodel\TestXSSFRichTextString.java
C:\home\henri\prj\zk-poi\src\ooxml\testcases\org\apache\poi\xssf\usermodel\TestXSSFChartSheet.java
C:\home\henri\prj\zk-poi\src\ooxml\testcases\org\apache\poi\xssf\usermodel\TestXSSFConditionalFormatting.java
C:\home\henri\prj\zk-poi\src\ooxml\testcases\org\apache\poi\xssf\usermodel\TestXSSFChart.java
C:\home\henri\prj\zk-poi\src\ooxml\testcases\org\apache\poi\xssf\usermodel\TestXSSFSheet.java
C:\home\henri\prj\zk-poi\src\ooxml\testcases\org\apache\poi\xssf\usermodel\TestXSSFPicture.java
C:\home\henri\prj\zk-poi\src\ooxml\testcases\org\apache\poi\xssf\SXSSFITestDataProvider.java
C:\home\henri\prj\zk-poi\src\ooxml\testcases\org\apache\poi\xwpf\usermodel\TestXWPFDocument.java
C:\home\henri\prj\zk-poi\src\ooxml\testcases\org\apache\poi\xwpf\usermodel\TestXWPFFootnotes.java
C:\home\henri\prj\zk-poi\src\ooxml\testcases\org\apache\poi\xwpf\usermodel\TestXWPFStyles.java
C:\home\henri\prj\zk-poi\src\ooxml\testcases\org\apache\poi\xwpf\usermodel\TestXWPFRun.java
C:\home\henri\prj\zk-poi\src\ooxml\testcases\org\apache\poi\xwpf\usermodel\TestXWPFParagraph.java
C:\home\henri\prj\zk-poi\src\ooxml\testcases\org\apache\poi\xwpf\usermodel\TestXWPFPictureData.java
C:\home\henri\prj\zk-poi\src\ooxml\testcases\org\apache\poi\xwpf\usermodel\TestXWPFNumbering.java
C:\home\henri\prj\zk-poi\src\ooxml\testcases\org\apache\poi\xwpf\usermodel\TestXWPFTable.java
C:\home\henri\prj\zk-poi\src\ooxml\testcases\org\apache\poi\xwpf\usermodel\TestXWPFHeader.java
C:\home\henri\prj\zk-poi\src\ooxml\testcases\org\apache\poi\xwpf\model\TestXWPFDecorators.java
C:\home\henri\prj\zk-poi\src\ooxml\testcases\org\apache\poi\xwpf\model\TestXWPFHeaderFooterPolicy.java
C:\home\henri\prj\zk-poi\src\ooxml\testcases\org\apache\poi\xwpf\AllXWPFTests.java
C:\home\henri\prj\zk-poi\src\ooxml\testcases\org\apache\poi\xwpf\XWPFTestDataSamples.java
C:\home\henri\prj\zk-poi\src\ooxml\testcases\org\apache\poi\xwpf\TestXWPFDocument.java
C:\home\henri\prj\zk-poi\src\ooxml\testcases\org\apache\poi\xwpf\TestAllExtendedProperties.java
C:\home\henri\prj\zk-poi\src\ooxml\testcases\org\apache\poi\xwpf\TestPackageCorePropertiesGetKeywords.java
C:\home\henri\prj\zk-poi\src\ooxml\testcases\org\apache\poi\xwpf\extractor\TestXWPFWordExtractor.java
C:\home\henri\prj\zk-poi\src\ooxml\testcases\org\apache\poi\TestPOIXMLProperties.java
C:\home\henri\prj\zk-poi\src\ooxml\testcases\org\apache\poi\TestPOIXMLDocument.java
C:\home\henri\prj\zk-poi\src\ooxml\testcases\org\apache\poi\xslf\usermodel
C:\home\henri\prj\zk-poi\src\ooxml\testcases\org\apache\poi\xslf\usermodel\TestXSLFHyperlink.java
C:\home\henri\prj\zk-poi\src\ooxml\testcases\org\apache\poi\xslf\usermodel\TestXMLSlideShow.java
C:\home\henri\prj\zk-poi\src\ooxml\testcases\org\apache\poi\xslf\usermodel\TestXSLFFreeformShape.java
C:\home\henri\prj\zk-poi\src\ooxml\testcases\org\apache\poi\xslf\usermodel\TestXSLFTable.java
C:\home\henri\prj\zk-poi\src\ooxml\testcases\org\apache\poi\xslf\usermodel\TestXSLFSheet.java
C:\home\henri\prj\zk-poi\src\ooxml\testcases\org\apache\poi\xslf\usermodel\TestXSLFAutoShape.java
C:\home\henri\prj\zk-poi\src\ooxml\testcases\org\apache\poi\xslf\usermodel\TestXSLFSimpleShape.java
C:\home\henri\prj\zk-poi\src\ooxml\testcases\org\apache\poi\xslf\usermodel\TestXSLFConnectorShape.java
C:\home\henri\prj\zk-poi\src\ooxml\testcases\org\apache\poi\xslf\usermodel\TestXSLFTableStyles.java
C:\home\henri\prj\zk-poi\src\ooxml\testcases\org\apache\poi\xslf\usermodel\TestXSLFPictureShape.java
C:\home\henri\prj\zk-poi\src\ooxml\testcases\org\apache\poi\xslf\usermodel\TestXSLFTextBox.java
C:\home\henri\prj\zk-poi\src\ooxml\testcases\org\apache\poi\xslf\usermodel\TestXSLFGroupShape.java
C:\home\henri\prj\zk-poi\src\ooxml\testcases\org\apache\poi\xslf\usermodel\TestXSLFShape.java
C:\home\henri\prj\zk-poi\src\ooxml\testcases\org\apache\poi\xslf\usermodel\TestXSLFSlide.java
C:\home\henri\prj\zk-poi\src\ooxml\testcases\org\apache\poi\xslf\usermodel\TestXSLFSlideShow.java
C:\home\henri\prj\zk-poi\src\ooxml\testcases\org\apache\poi\xslf\extractor\TestXSLFPowerPointExtractor.java
C:\home\henri\prj\zk-poi\src\ooxml\testcases\org\apache\poi\xslf\XSLFTestDataSamples.java
C:\home\henri\prj\zk-poi\src\ooxml\testcases\org\apache\poi\xslf\TestXSLFBugs.java
C:\home\henri\prj\zk-poi\src\ooxml\testcases\org\apache\poi\util
C:\home\henri\prj\zk-poi\src\ooxml\testcases\org\apache\poi\util\TestIdentifierManager.java
C:\home\henri\prj\zk-poi\build.xml
C:\home\henri\prj\zk-poi